#
# There is insufficient memory for the Java Runtime Environment to continue.
# Native memory allocation (malloc) failed to allocate 1928768 bytes for Chunk::new
# Possible reasons:
#   The system is out of physical RAM or swap space
#   In 32 bit mode, the process size limit was hit
# Possible solutions:
#   Reduce memory load on the system
#   Increase physical memory or swap space
#   Check if swap backing store is full
#   Use 64 bit Java on a 64 bit OS
#   Decrease Java heap size (-Xmx/-Xms)
#   Decrease number of Java threads
#   Decrease Java thread stack sizes (-Xss)
#   Set larger code cache with -XX:ReservedCodeCacheSize=
# This output file may be truncated or incomplete.
#
#  Out of Memory Error (allocation.cpp:390), pid=12972, tid=0x0000000000003294
#
# JRE version: OpenJDK Runtime Environment (8.0_152-b01) (build 1.8.0_152-release-915-b01)
# Java VM: OpenJDK 64-Bit Server VM (25.152-b01 mixed mode windows-amd64 compressed oops)
# Failed to write core dump. Minidumps are not enabled by default on client versions of Windows
#

---------------  T H R E A D  ---------------

Current thread (0x000000001a4ae000):  JavaThread "C2 CompilerThread1" daemon [_thread_in_native, id=12948, stack(0x000000001ae80000,0x000000001af80000)]

Stack: [0x000000001ae80000,0x000000001af80000]
[error occurred during error reporting (printing stack bounds), id 0xc0000005]

Native frames: (J=compiled Java code, j=interpreted, Vv=VM code, C=native code)


Current CompileTask:
C2:   2766 1316       4       java.net.URLClassLoader$1::run (5 bytes)


---------------  P R O C E S S  ---------------

Java Threads: ( => current thread )
  0x000000001e372800 JavaThread "Cache worker for file hash cache (D:\Viktor\Projektek\Amplitude\.gradle\4.6\fileHashes)" [_thread_blocked, id=9276, stack(0x000000001f0a0000,0x000000001f1a0000)]
  0x000000001c797000 JavaThread "File lock request listener" [_thread_in_native, id=13412, stack(0x000000001dfd0000,0x000000001e0d0000)]
  0x000000001c77d800 JavaThread "Cache worker for file hash cache (C:\Users\Viktor\.gradle\caches\4.6\fileHashes)" [_thread_blocked, id=10472, stack(0x000000001dcd0000,0x000000001ddd0000)]
  0x000000001c57a800 JavaThread "Stdin handler" [_thread_blocked, id=12556, stack(0x000000001dbd0000,0x000000001dcd0000)]
  0x000000001c579800 JavaThread "Asynchronous log dispatcher for DefaultDaemonConnection: socket connection from /127.0.0.1:52362 to /127.0.0.1:52363" [_thread_blocked, id=9980, stack(0x000000001d9d0000,0x000000001dad0000)]
  0x000000001c5ae000 JavaThread "Daemon worker" [_thread_in_native, id=11988, stack(0x000000001d8d0000,0x000000001d9d0000)]
  0x000000001c58a000 JavaThread "Cancel handler" [_thread_blocked, id=11552, stack(0x000000001d7d0000,0x000000001d8d0000)]
  0x000000001c54e800 JavaThread "Handler for socket connection from /127.0.0.1:52362 to /127.0.0.1:52363" [_thread_in_native, id=11104, stack(0x000000001d4d0000,0x000000001d5d0000)]
  0x000000001c51b800 JavaThread "Daemon" [_thread_blocked, id=252, stack(0x000000001d3d0000,0x000000001d4d0000)]
  0x000000001c6c4800 JavaThread "Daemon periodic checks" [_thread_blocked, id=8188, stack(0x000000001d2d0000,0x000000001d3d0000)]
  0x000000001c540000 JavaThread "Incoming local TCP Connector on port 52362" [_thread_in_native, id=13836, stack(0x000000001d090000,0x000000001d190000)]
  0x000000001a557800 JavaThread "Service Thread" daemon [_thread_blocked, id=12472, stack(0x000000001b180000,0x000000001b280000)]
  0x000000001a4b2800 JavaThread "C1 CompilerThread3" daemon [_thread_blocked, id=2836, stack(0x000000001b080000,0x000000001b180000)]
  0x000000001a4b0800 JavaThread "C2 CompilerThread2" daemon [_thread_in_native, id=10416, stack(0x000000001af80000,0x000000001b080000)]
=>0x000000001a4ae000 JavaThread "C2 CompilerThread1" daemon [_thread_in_native, id=12948, stack(0x000000001ae80000,0x000000001af80000)]
  0x000000001a4ab000 JavaThread "C2 CompilerThread0" daemon [_thread_in_native, id=7844, stack(0x000000001ad80000,0x000000001ae80000)]
  0x000000001a4a9000 JavaThread "Attach Listener" daemon [_thread_blocked, id=13332, stack(0x000000001ac80000,0x000000001ad80000)]
  0x000000001a4b5800 JavaThread "Signal Dispatcher" daemon [_thread_blocked, id=10596, stack(0x000000001ab80000,0x000000001ac80000)]
  0x000000001a4a0800 JavaThread "Finalizer" daemon [_thread_blocked, id=14036, stack(0x000000001a880000,0x000000001a980000)]
  0x00000000047b9000 JavaThread "Reference Handler" daemon [_thread_blocked, id=12316, stack(0x000000001a380000,0x000000001a480000)]
  0x00000000046be800 JavaThread "main" [_thread_blocked, id=7856, stack(0x0000000004550000,0x0000000004650000)]

Other Threads:
  0x0000000018577000 VMThread [stack: 0x000000001a280000,0x000000001a380000] [id=13436]
  0x000000001a558800 WatcherThread [stack: 0x000000001b280000,0x000000001b380000] [id=1520]

VM state:not at safepoint (normal execution)

VM Mutex/Monitor currently owned by a thread: None

Heap:
 PSYoungGen      total 71680K, used 8883K [0x00000000e0000000, 0x00000000e4b00000, 0x0000000100000000)
  eden space 66560K, 5% used [0x00000000e0000000,0x00000000e03b4cb0,0x00000000e4100000)
  from space 5120K, 99% used [0x00000000e4600000,0x00000000e4af8020,0x00000000e4b00000)
  to   space 5120K, 0% used [0x00000000e4100000,0x00000000e4100000,0x00000000e4600000)
 ParOldGen       total 87552K, used 5515K [0x00000000a0000000, 0x00000000a5580000, 0x00000000e0000000)
  object space 87552K, 6% used [0x00000000a0000000,0x00000000a0562f78,0x00000000a5580000)
 Metaspace       used 17753K, capacity 18134K, committed 18304K, reserved 1064960K
  class space    used 2570K, capacity 2669K, committed 2688K, reserved 1048576K

Card table byte_map: [0x0000000013b80000,0x0000000013e90000] byte_map_base: 0x0000000013680000

Marking Bits: (ParMarkBitMap*) 0x0000000071d53950
 Begin Bits: [0x0000000014890000, 0x0000000016090000)
 End Bits:   [0x0000000016090000, 0x0000000017890000)

Polling page: 0x0000000002d50000

CodeCache: size=245760Kb used=5235Kb max_used=5235Kb free=240524Kb
 bounds [0x00000000047c0000, 0x0000000004cf0000, 0x00000000137c0000]
 total_blobs=1934 nmethods=1553 adapters=294
 compilation: enabled

Compilation events (10 events):
Event: 2.761 Thread 0x000000001a4b2800 nmethod 1553 0x0000000004cd9090 code [0x0000000004cd9420, 0x0000000004cdae28]
Event: 2.761 Thread 0x000000001a4b2800 1554       3       sun.reflect.generics.parser.SignatureParser::parseClassTypeSignatureSuffix (29 bytes)
Event: 2.761 Thread 0x000000001a4b2800 nmethod 1554 0x0000000004cd5490 code [0x0000000004cd5640, 0x0000000004cd59b8]
Event: 2.761 Thread 0x000000001a4b2800 1555       3       sun.reflect.generics.tree.ClassTypeSignature::make (9 bytes)
Event: 2.761 Thread 0x000000001a4b2800 nmethod 1555 0x0000000004cd4fd0 code [0x0000000004cd5140, 0x0000000004cd5390]
Event: 2.762 Thread 0x000000001a4b2800 1556       3       org.objectweb.asm.Type::getArgumentsAndReturnSizes (151 bytes)
Event: 2.762 Thread 0x000000001a4b2800 nmethod 1556 0x0000000004cdbd90 code [0x0000000004cdbfc0, 0x0000000004cdce78]
Event: 2.762 Thread 0x000000001a4b2800 1558       3       org.objectweb.asm.Type::getType (269 bytes)
Event: 2.763 Thread 0x000000001a4b2800 nmethod 1558 0x0000000004cdd490 code [0x0000000004cdd680, 0x0000000004cddf70]
Event: 2.763 Thread 0x000000001a4b2800 1557       3       org.objectweb.asm.Frame::type (416 bytes)

GC Heap History (8 events):
Event: 0.740 GC heap before
{Heap before GC invocations=1 (full 0):
 PSYoungGen      total 38400K, used 33280K [0x00000000e0000000, 0x00000000e2a80000, 0x0000000100000000)
  eden space 33280K, 100% used [0x00000000e0000000,0x00000000e2080000,0x00000000e2080000)
  from space 5120K, 0% used [0x00000000e2580000,0x00000000e2580000,0x00000000e2a80000)
  to   space 5120K, 0% used [0x00000000e2080000,0x00000000e2080000,0x00000000e2580000)
 ParOldGen       total 87552K, used 0K [0x00000000a0000000, 0x00000000a5580000, 0x00000000e0000000)
  object space 87552K, 0% used [0x00000000a0000000,0x00000000a0000000,0x00000000a5580000)
 Metaspace       used 6952K, capacity 7064K, committed 7424K, reserved 1056768K
  class space    used 846K, capacity 909K, committed 1024K, reserved 1048576K
Event: 0.748 GC heap after
Heap after GC invocations=1 (full 0):
 PSYoungGen      total 38400K, used 4320K [0x00000000e0000000, 0x00000000e4b00000, 0x0000000100000000)
  eden space 33280K, 0% used [0x00000000e0000000,0x00000000e0000000,0x00000000e2080000)
  from space 5120K, 84% used [0x00000000e2080000,0x00000000e24b8128,0x00000000e2580000)
  to   space 5120K, 0% used [0x00000000e4600000,0x00000000e4600000,0x00000000e4b00000)
 ParOldGen       total 87552K, used 8K [0x00000000a0000000, 0x00000000a5580000, 0x00000000e0000000)
  object space 87552K, 0% used [0x00000000a0000000,0x00000000a0002000,0x00000000a5580000)
 Metaspace       used 6952K, capacity 7064K, committed 7424K, reserved 1056768K
  class space    used 846K, capacity 909K, committed 1024K, reserved 1048576K
}
Event: 1.731 GC heap before
{Heap before GC invocations=2 (full 0):
 PSYoungGen      total 38400K, used 37600K [0x00000000e0000000, 0x00000000e4b00000, 0x0000000100000000)
  eden space 33280K, 100% used [0x00000000e0000000,0x00000000e2080000,0x00000000e2080000)
  from space 5120K, 84% used [0x00000000e2080000,0x00000000e24b8128,0x00000000e2580000)
  to   space 5120K, 0% used [0x00000000e4600000,0x00000000e4600000,0x00000000e4b00000)
 ParOldGen       total 87552K, used 8K [0x00000000a0000000, 0x00000000a5580000, 0x00000000e0000000)
  object space 87552K, 0% used [0x00000000a0000000,0x00000000a0002000,0x00000000a5580000)
 Metaspace       used 10793K, capacity 10964K, committed 11008K, reserved 1058816K
  class space    used 1417K, capacity 1522K, committed 1536K, reserved 1048576K
Event: 1.740 GC heap after
Heap after GC invocations=2 (full 0):
 PSYoungGen      total 38400K, used 5100K [0x00000000e0000000, 0x00000000e4b00000, 0x0000000100000000)
  eden space 33280K, 0% used [0x00000000e0000000,0x00000000e0000000,0x00000000e2080000)
  from space 5120K, 99% used [0x00000000e4600000,0x00000000e4afb1e8,0x00000000e4b00000)
  to   space 5120K, 0% used [0x00000000e2080000,0x00000000e2080000,0x00000000e2580000)
 ParOldGen       total 87552K, used 274K [0x00000000a0000000, 0x00000000a5580000, 0x00000000e0000000)
  object space 87552K, 0% used [0x00000000a0000000,0x00000000a0044bd0,0x00000000a5580000)
 Metaspace       used 10793K, capacity 10964K, committed 11008K, reserved 1058816K
  class space    used 1417K, capacity 1522K, committed 1536K, reserved 1048576K
}
Event: 2.149 GC heap before
{Heap before GC invocations=3 (full 0):
 PSYoungGen      total 38400K, used 38380K [0x00000000e0000000, 0x00000000e4b00000, 0x0000000100000000)
  eden space 33280K, 100% used [0x00000000e0000000,0x00000000e2080000,0x00000000e2080000)
  from space 5120K, 99% used [0x00000000e4600000,0x00000000e4afb1e8,0x00000000e4b00000)
  to   space 5120K, 0% used [0x00000000e2080000,0x00000000e2080000,0x00000000e2580000)
 ParOldGen       total 87552K, used 274K [0x00000000a0000000, 0x00000000a5580000, 0x00000000e0000000)
  object space 87552K, 0% used [0x00000000a0000000,0x00000000a0044be8,0x00000000a5580000)
 Metaspace       used 14098K, capacity 14430K, committed 14720K, reserved 1062912K
  class space    used 1977K, capacity 2121K, committed 2176K, reserved 1048576K
Event: 2.157 GC heap after
Heap after GC invocations=3 (full 0):
 PSYoungGen      total 38400K, used 5116K [0x00000000e0000000, 0x00000000e4b00000, 0x0000000100000000)
  eden space 33280K, 0% used [0x00000000e0000000,0x00000000e0000000,0x00000000e2080000)
  from space 5120K, 99% used [0x00000000e2080000,0x00000000e257f1f8,0x00000000e2580000)
  to   space 5120K, 0% used [0x00000000e4600000,0x00000000e4600000,0x00000000e4b00000)
 ParOldGen       total 87552K, used 2285K [0x00000000a0000000, 0x00000000a5580000, 0x00000000e0000000)
  object space 87552K, 2% used [0x00000000a0000000,0x00000000a023b410,0x00000000a5580000)
 Metaspace       used 14098K, capacity 14430K, committed 14720K, reserved 1062912K
  class space    used 1977K, capacity 2121K, committed 2176K, reserved 1048576K
}
Event: 2.654 GC heap before
{Heap before GC invocations=4 (full 0):
 PSYoungGen      total 38400K, used 38396K [0x00000000e0000000, 0x00000000e4b00000, 0x0000000100000000)
  eden space 33280K, 100% used [0x00000000e0000000,0x00000000e2080000,0x00000000e2080000)
  from space 5120K, 99% used [0x00000000e2080000,0x00000000e257f1f8,0x00000000e2580000)
  to   space 5120K, 0% used [0x00000000e4600000,0x00000000e4600000,0x00000000e4b00000)
 ParOldGen       total 87552K, used 2295K [0x00000000a0000000, 0x00000000a5580000, 0x00000000e0000000)
  object space 87552K, 2% used [0x00000000a0000000,0x00000000a023df48,0x00000000a5580000)
 Metaspace       used 17360K, capacity 17718K, committed 18048K, reserved 1064960K
  class space    used 2515K, capacity 2637K, committed 2688K, reserved 1048576K
Event: 2.667 GC heap after
Heap after GC invocations=4 (full 0):
 PSYoungGen      total 71680K, used 5088K [0x00000000e0000000, 0x00000000e4b00000, 0x0000000100000000)
  eden space 66560K, 0% used [0x00000000e0000000,0x00000000e0000000,0x00000000e4100000)
  from space 5120K, 99% used [0x00000000e4600000,0x00000000e4af8020,0x00000000e4b00000)
  to   space 5120K, 0% used [0x00000000e4100000,0x00000000e4100000,0x00000000e4600000)
 ParOldGen       total 87552K, used 5515K [0x00000000a0000000, 0x00000000a5580000, 0x00000000e0000000)
  object space 87552K, 6% used [0x00000000a0000000,0x00000000a0562f78,0x00000000a5580000)
 Metaspace       used 17360K, capacity 17718K, committed 18048K, reserved 1064960K
  class space    used 2515K, capacity 2637K, committed 2688K, reserved 1048576K
}

Deoptimization events (10 events):
Event: 1.874 Thread 0x000000001c5ae000 Uncommon trap: reason=bimorphic action=maybe_recompile pc=0x0000000004af96dc method=java.util.HashMap.putVal(ILjava/lang/Object;Ljava/lang/Object;ZZ)Ljava/lang/Object; @ 253
Event: 2.081 Thread 0x000000001c5ae000 Uncommon trap: reason=class_check action=maybe_recompile pc=0x0000000004a61344 method=java.util.regex.Matcher.match(II)Z @ 86
Event: 2.082 Thread 0x000000001c5ae000 Uncommon trap: reason=class_check action=maybe_recompile pc=0x0000000004a61344 method=java.util.regex.Matcher.match(II)Z @ 86
Event: 2.127 Thread 0x000000001c5ae000 Uncommon trap: reason=class_check action=maybe_recompile pc=0x0000000004a2f39c method=java.util.regex.Matcher.match(II)Z @ 86
Event: 2.180 Thread 0x000000001c5ae000 Uncommon trap: reason=unstable_if action=reinterpret pc=0x0000000004c18d74 method=java.lang.String.lastIndexOf([CII[CIII)I @ 66
Event: 2.459 Thread 0x000000001c5ae000 Uncommon trap: reason=unstable_if action=reinterpret pc=0x0000000004916388 method=java.net.URI.match(CJJ)Z @ 19
Event: 2.459 Thread 0x000000001c5ae000 Uncommon trap: reason=unstable_if action=reinterpret pc=0x00000000049f5900 method=java.net.URI.match(CJJ)Z @ 19
Event: 2.531 Thread 0x000000001c5ae000 Uncommon trap: reason=unstable_if action=reinterpret pc=0x0000000004a5f558 method=java.io.File.getName()Ljava/lang/String; @ 16
Event: 2.691 Thread 0x000000001c5ae000 Uncommon trap: reason=unstable_if action=reinterpret pc=0x0000000004a88898 method=java.lang.AbstractStringBuilder.append(Ljava/lang/String;)Ljava/lang/AbstractStringBuilder; @ 1
Event: 2.691 Thread 0x000000001c5ae000 Uncommon trap: reason=unstable_if action=reinterpret pc=0x00000000049d4000 method=java.lang.AbstractStringBuilder.append(Ljava/lang/String;)Ljava/lang/AbstractStringBuilder; @ 1

Classes redefined (0 events):
No events

Internal exceptions (10 events):
Event: 1.834 Thread 0x000000001c54e800 Exception <a 'java/lang/NoSuchMethodError': <clinit>> (0x00000000e0381820) thrown at [D:\src\AOSP-openjdk-cygwin\jdk8u\hotspot\src\share\vm\prims\jni.cpp, line 1613]
Event: 1.838 Thread 0x000000001c54e800 Exception <a 'java/lang/NoSuchMethodError': <clinit>> (0x00000000e03a61a0) thrown at [D:\src\AOSP-openjdk-cygwin\jdk8u\hotspot\src\share\vm\prims\jni.cpp, line 1613]
Event: 1.865 Thread 0x000000001c5ae000 Exception <a 'java/lang/NoSuchMethodError': <clinit>> (0x00000000e04f3058) thrown at [D:\src\AOSP-openjdk-cygwin\jdk8u\hotspot\src\share\vm\prims\jni.cpp, line 1613]
Event: 1.866 Thread 0x000000001c5ae000 Exception <a 'java/lang/NoSuchMethodError': <clinit>> (0x00000000e04fb490) thrown at [D:\src\AOSP-openjdk-cygwin\jdk8u\hotspot\src\share\vm\prims\jni.cpp, line 1613]
Event: 2.561 Thread 0x000000001c5ae000 Exception <a 'java/lang/NoSuchMethodError': <clinit>> (0x00000000e1a88c38) thrown at [D:\src\AOSP-openjdk-cygwin\jdk8u\hotspot\src\share\vm\prims\jni.cpp, line 1613]
Event: 2.561 Thread 0x000000001c5ae000 Exception <a 'java/lang/NoSuchMethodError': <clinit>> (0x00000000e1a8b5d8) thrown at [D:\src\AOSP-openjdk-cygwin\jdk8u\hotspot\src\share\vm\prims\jni.cpp, line 1613]
Event: 2.562 Thread 0x000000001c5ae000 Exception <a 'java/lang/NoSuchMethodError': <clinit>> (0x00000000e1a98bc8) thrown at [D:\src\AOSP-openjdk-cygwin\jdk8u\hotspot\src\share\vm\prims\jni.cpp, line 1613]
Event: 2.563 Thread 0x000000001c5ae000 Exception <a 'java/lang/NoSuchMethodError': <clinit>> (0x00000000e1aa4348) thrown at [D:\src\AOSP-openjdk-cygwin\jdk8u\hotspot\src\share\vm\prims\jni.cpp, line 1613]
Event: 2.691 Thread 0x000000001c5ae000 Implicit null exception at 0x0000000004a88497 to 0x0000000004a88881
Event: 2.691 Thread 0x000000001c5ae000 Implicit null exception at 0x00000000049d3c56 to 0x00000000049d3fe9

Events (10 events):
Event: 2.758 loading class org/gradle/api/internal/plugins/PluginApplicationException
Event: 2.758 loading class org/gradle/api/internal/plugins/PluginApplicationException done
Event: 2.758 loading class org/gradle/api/internal/plugins/ApplyPluginBuildOperationType$Result
Event: 2.758 loading class org/gradle/api/internal/plugins/ApplyPluginBuildOperationType$Result done
Event: 2.759 loading class org/gradle/api/plugins/AppliedPlugin
Event: 2.759 loading class org/gradle/api/plugins/AppliedPlugin done
Event: 2.762 loading class org/gradle/api/internal/plugins/DefaultPluginManager$3
Event: 2.762 loading class org/gradle/api/internal/plugins/DefaultPluginManager$3 done
Event: 2.763 loading class org/gradle/api/internal/plugins/DefaultPluginContainer
Event: 2.763 loading class org/gradle/api/internal/plugins/DefaultPluginContainer done


Dynamic libraries:
0x00007ff73c380000 - 0x00007ff73c3b1000 	D:\Install\android-studio 3.0\jre\bin\java.exe
0x00007ffbd7f40000 - 0x00007ffbd8120000 	C:\WINDOWS\SYSTEM32\ntdll.dll
0x00007ffbd5e60000 - 0x00007ffbd5f0e000 	C:\WINDOWS\System32\KERNEL32.DLL
0x00007ffbd46e0000 - 0x00007ffbd4946000 	C:\WINDOWS\System32\KERNELBASE.dll
0x00007ffbd6090000 - 0x00007ffbd6131000 	C:\WINDOWS\System32\ADVAPI32.dll
0x00007ffbd56c0000 - 0x00007ffbd575d000 	C:\WINDOWS\System32\msvcrt.dll
0x00007ffbd5660000 - 0x00007ffbd56bb000 	C:\WINDOWS\System32\sechost.dll
0x00007ffbd5f70000 - 0x00007ffbd608f000 	C:\WINDOWS\System32\RPCRT4.dll
0x00007ffbd54d0000 - 0x00007ffbd565f000 	C:\WINDOWS\System32\USER32.dll
0x00007ffbd4a50000 - 0x00007ffbd4a70000 	C:\WINDOWS\System32\win32u.dll
0x00007ffbd54a0000 - 0x00007ffbd54c8000 	C:\WINDOWS\System32\GDI32.dll
0x00007ffbd5270000 - 0x00007ffbd5403000 	C:\WINDOWS\System32\gdi32full.dll
0x00007ffbd49b0000 - 0x00007ffbd4a4b000 	C:\WINDOWS\System32\msvcp_win.dll
0x00007ffbd4340000 - 0x00007ffbd4436000 	C:\WINDOWS\System32\ucrtbase.dll
0x00007ffbc9dd0000 - 0x00007ffbca039000 	C:\WINDOWS\WinSxS\amd64_microsoft.windows.common-controls_6595b64144ccf1df_6.0.16299.371_none_15c7d1789365a290\COMCTL32.dll
0x00007ffbd5890000 - 0x00007ffbd5b98000 	C:\WINDOWS\System32\combase.dll
0x00007ffbd4440000 - 0x00007ffbd44b2000 	C:\WINDOWS\System32\bcryptPrimitives.dll
0x00007ffbd6140000 - 0x00007ffbd616d000 	C:\WINDOWS\System32\IMM32.DLL
0x00000000713d0000 - 0x00000000714a2000 	D:\Install\android-studio 3.0\jre\jre\bin\msvcr100.dll
0x0000000071590000 - 0x0000000071dce000 	D:\Install\android-studio 3.0\jre\jre\bin\server\jvm.dll
0x00007ffbd7bc0000 - 0x00007ffbd7bc8000 	C:\WINDOWS\System32\PSAPI.DLL
0x00007ffbd0540000 - 0x00007ffbd0563000 	C:\WINDOWS\SYSTEM32\WINMM.dll
0x00007ffbce490000 - 0x00007ffbce49a000 	C:\WINDOWS\SYSTEM32\VERSION.dll
0x00007ffbc0be0000 - 0x00007ffbc0be9000 	C:\WINDOWS\SYSTEM32\WSOCK32.dll
0x00007ffbd6170000 - 0x00007ffbd61dc000 	C:\WINDOWS\System32\WS2_32.dll
0x00007ffbd04e0000 - 0x00007ffbd050a000 	C:\WINDOWS\SYSTEM32\WINMMBASE.dll
0x00007ffbd4690000 - 0x00007ffbd46da000 	C:\WINDOWS\System32\cfgmgr32.dll
0x00007ffbc6b00000 - 0x00007ffbc6b0f000 	D:\Install\android-studio 3.0\jre\jre\bin\verify.dll
0x00007ffbc48e0000 - 0x00007ffbc4909000 	D:\Install\android-studio 3.0\jre\jre\bin\java.dll
0x00007ffbc0ae0000 - 0x00007ffbc0af6000 	D:\Install\android-studio 3.0\jre\jre\bin\zip.dll
0x00007ffbd61e0000 - 0x00007ffbd7616000 	C:\WINDOWS\System32\SHELL32.dll
0x00007ffbd7b10000 - 0x00007ffbd7bb6000 	C:\WINDOWS\System32\shcore.dll
0x00007ffbd4b20000 - 0x00007ffbd5267000 	C:\WINDOWS\System32\windows.storage.dll
0x00007ffbd5830000 - 0x00007ffbd5881000 	C:\WINDOWS\System32\shlwapi.dll
0x00007ffbd4300000 - 0x00007ffbd4311000 	C:\WINDOWS\System32\kernel.appcore.dll
0x00007ffbd4290000 - 0x00007ffbd42dc000 	C:\WINDOWS\System32\powrprof.dll
0x00007ffbd42e0000 - 0x00007ffbd42fb000 	C:\WINDOWS\System32\profapi.dll
0x00007ffbbf5e0000 - 0x00007ffbbf5fa000 	D:\Install\android-studio 3.0\jre\jre\bin\net.dll
0x00007ffbd3b20000 - 0x00007ffbd3b86000 	C:\WINDOWS\system32\mswsock.dll
0x00007ffbbe500000 - 0x00007ffbbe511000 	D:\Install\android-studio 3.0\jre\jre\bin\nio.dll
0x00007ffbbe870000 - 0x00007ffbbe88e000 	C:\Users\Viktor\.gradle\native\25\windows-amd64\native-platform.dll
0x00007ffbc69e0000 - 0x00007ffbc69ed000 	D:\Install\android-studio 3.0\jre\jre\bin\management.dll
0x00007ffbd3ce0000 - 0x00007ffbd3cf7000 	C:\WINDOWS\SYSTEM32\CRYPTSP.dll
0x00007ffbd3720000 - 0x00007ffbd3753000 	C:\WINDOWS\system32\rsaenh.dll
0x00007ffbd3df0000 - 0x00007ffbd3e15000 	C:\WINDOWS\SYSTEM32\bcrypt.dll
0x00007ffbd41c0000 - 0x00007ffbd41e9000 	C:\WINDOWS\SYSTEM32\USERENV.dll
0x00007ffbd3d00000 - 0x00007ffbd3d0b000 	C:\WINDOWS\SYSTEM32\CRYPTBASE.dll
0x00007ffbd38b0000 - 0x00007ffbd38e9000 	C:\WINDOWS\SYSTEM32\IPHLPAPI.DLL
0x00007ffbd5490000 - 0x00007ffbd5498000 	C:\WINDOWS\System32\NSI.dll
0x00007ffbcdd50000 - 0x00007ffbcdd66000 	C:\WINDOWS\SYSTEM32\dhcpcsvc6.DLL
0x00007ffbcf140000 - 0x00007ffbcf15a000 	C:\WINDOWS\SYSTEM32\dhcpcsvc.DLL

VM Arguments:
jvm_args: -Xmx1536m -Dfile.encoding=windows-1250 -Duser.country=HU -Duser.language=hu -Duser.variant 
java_command: org.gradle.launcher.daemon.bootstrap.GradleDaemon 4.6
java_class_path (initial): C:\Users\Viktor\.gradle\wrapper\dists\gradle-4.6-all\bcst21l2brirad8k2ben1letg\gradle-4.6\lib\gradle-launcher-4.6.jar
Launcher Type: SUN_STANDARD

Environment Variables:
JAVA_HOME=d:\Program Files (x86)\Java\jdk1.8.0_131\
PATH=D:\Python27\;D:\Python27\Scripts;C:\ProgramData\Oracle\Java\javapath;d:\Program Files\Abev 2006\krtitok;C:\Program Files (x86)\Intel\iCLS Client\;C:\Program Files\Intel\iCLS Client\;C:\Windows\system32;C:\Windows;C:\Windows\System32\Wbem;C:\Windows\System32\WindowsPowerShell\v1.0\;C:\Program Files\Intel\Intel(R) Management Engine Components\DAL;C:\Program Files\Intel\Intel(R) Management Engine Components\IPT;C:\Program Files (x86)\Intel\Intel(R) Management Engine Components\DAL;C:\Program Files (x86)\Intel\Intel(R) Management Engine Components\IPT;C:\Program Files\Intel\WiFi\bin\;C:\Program Files\Common Files\Intel\WirelessCommon\;C:\Program Files (x86)\NVIDIA Corporation\PhysX\Common;C:\WINDOWS\system32;C:\WINDOWS;C:\WINDOWS\System32\Wbem;C:\WINDOWS\System32\WindowsPowerShell\v1.0\;C:\Program Files (x86)\Skype\Phone\;C:\Program Files\Calibre2\;D:\Program Files\nodejs\;d:\Install\Android SDK\platform-tools;c:\Users\Viktor\AppData\Roaming\npm\;d:\Install\apache-maven-3.5.2\\bin;D:\Portable\PuTTY\;C:\Users\Viktor\AppData\Local\Microsoft\WindowsApps;D:\Program Files\Git\cmd;C:\Users\Viktor\AppData\Roaming\npm;C:\Users\Viktor\AppData\Local\atom\bin;D:\Install\atom\bin;%USERPROFILE%\AppData\Local\Microsoft\WindowsApps;
USERNAME=Viktor
OS=Windows_NT
PROCESSOR_IDENTIFIER=Intel64 Family 6 Model 60 Stepping 3, GenuineIntel



---------------  S Y S T E M  ---------------

OS: Windows 10.0 , 64 bit Build 16299 (10.0.16299.15)

CPU:total 8 (initial active 8) (4 cores per cpu, 2 threads per core) family 6 model 60 stepping 3, cmov, cx8, fxsr, mmx, sse, sse2, sse3, ssse3, sse4.1, sse4.2, popcnt, avx, avx2, aes, clmul, erms, lzcnt, ht, tsc, tscinvbit, bmi1, bmi2

Memory: 4k page, physical 8268732k(717212k free), swap 11183672k(6420k free)

vm_info: OpenJDK 64-Bit Server VM (25.152-b01) for windows-amd64 JRE (1.8.0_152-release-915-b01), built by "builder" with MS VC++ 10.0 (VS2010)

time: Mon Apr 16 21:46:41 2018
elapsed time: 2 seconds (0d 0h 0m 2s)

