#
# There is insufficient memory for the Java Runtime Environment to continue.
# Native memory allocation (malloc) failed to allocate 2107856 bytes for Chunk::new
# Possible reasons:
#   The system is out of physical RAM or swap space
#   In 32 bit mode, the process size limit was hit
# Possible solutions:
#   Reduce memory load on the system
#   Increase physical memory or swap space
#   Check if swap backing store is full
#   Use 64 bit Java on a 64 bit OS
#   Decrease Java heap size (-Xmx/-Xms)
#   Decrease number of Java threads
#   Decrease Java thread stack sizes (-Xss)
#   Set larger code cache with -XX:ReservedCodeCacheSize=
# This output file may be truncated or incomplete.
#
#  Out of Memory Error (allocation.cpp:390), pid=7476, tid=0x0000000000001ce4
#
# JRE version: OpenJDK Runtime Environment (8.0_152-b01) (build 1.8.0_152-release-915-b01)
# Java VM: OpenJDK 64-Bit Server VM (25.152-b01 mixed mode windows-amd64 compressed oops)
# Failed to write core dump. Minidumps are not enabled by default on client versions of Windows
#

---------------  T H R E A D  ---------------

Current thread (0x000000001a0d5800):  JavaThread "C2 CompilerThread1" daemon [_thread_in_native, id=7396, stack(0x000000001aaa0000,0x000000001aba0000)]

Stack: [0x000000001aaa0000,0x000000001aba0000]
[error occurred during error reporting (printing stack bounds), id 0xc0000005]

Native frames: (J=compiled Java code, j=interpreted, Vv=VM code, C=native code)


Current CompileTask:
C2:  31556 6007       4       org.gradle.model.internal.type.ModelType::wrap (219 bytes)


---------------  P R O C E S S  ---------------

Java Threads: ( => current thread )
  0x00000000229e2800 JavaThread "Memory manager" [_thread_blocked, id=8384, stack(0x00000000254a0000,0x00000000255a0000)]
  0x00000000229e0000 JavaThread "pool-1-thread-1" [_thread_blocked, id=12000, stack(0x00000000251a0000,0x00000000252a0000)]
  0x00000000229e1800 JavaThread "Build operations Thread 8" [_thread_blocked, id=1164, stack(0x0000000024ca0000,0x0000000024da0000)]
  0x00000000229e4000 JavaThread "Build operations Thread 7" [_thread_blocked, id=12660, stack(0x0000000024ba0000,0x0000000024ca0000)]
  0x00000000229df800 JavaThread "Build operations Thread 6" [_thread_blocked, id=12736, stack(0x0000000024aa0000,0x0000000024ba0000)]
  0x000000001e4cb800 JavaThread "Build operations Thread 5" [_thread_blocked, id=11308, stack(0x00000000249a0000,0x0000000024aa0000)]
  0x000000001e4ca800 JavaThread "Build operations Thread 4" [_thread_blocked, id=11300, stack(0x00000000248a0000,0x00000000249a0000)]
  0x000000001e4ca000 JavaThread "Build operations Thread 3" [_thread_blocked, id=11328, stack(0x00000000247a0000,0x00000000248a0000)]
  0x000000001e4c9000 JavaThread "Build operations Thread 2" [_thread_blocked, id=8320, stack(0x00000000244a0000,0x00000000245a0000)]
  0x000000001e4c7800 JavaThread "Build operations" [_thread_blocked, id=9068, stack(0x00000000243a0000,0x00000000244a0000)]
  0x000000001e4cd800 JavaThread "Cache worker for Artifact transforms cache (C:\Users\Viktor\.gradle\caches\transforms-1)" [_thread_blocked, id=1572, stack(0x00000000239a0000,0x0000000023aa0000)]
  0x000000001e4c8800 JavaThread "File lock release action executor" [_thread_blocked, id=100, stack(0x0000000020040000,0x0000000020140000)]
  0x000000001c447800 JavaThread "Cache worker for file hash cache (D:\Viktor\Projektek\Amplitude\.gradle\4.6\fileHashes)" [_thread_blocked, id=4388, stack(0x000000001ecc0000,0x000000001edc0000)]
  0x000000001c50c800 JavaThread "File lock request listener" [_thread_in_native, id=11208, stack(0x000000001dbf0000,0x000000001dcf0000)]
  0x000000001c098800 JavaThread "Cache worker for file hash cache (C:\Users\Viktor\.gradle\caches\4.6\fileHashes)" [_thread_blocked, id=13628, stack(0x000000001daf0000,0x000000001dbf0000)]
  0x000000001c3b4000 JavaThread "Stdin handler" [_thread_blocked, id=8508, stack(0x000000001d7f0000,0x000000001d8f0000)]
  0x000000001c390800 JavaThread "Asynchronous log dispatcher for DefaultDaemonConnection: socket connection from /127.0.0.1:51532 to /127.0.0.1:51534" [_thread_blocked, id=9996, stack(0x000000001d5f0000,0x000000001d6f0000)]
  0x000000001c38f000 JavaThread "Daemon worker" [_thread_in_Java, id=13588, stack(0x000000001d4f0000,0x000000001d5f0000)]
  0x000000001c295800 JavaThread "Cancel handler" [_thread_blocked, id=2172, stack(0x000000001d3f0000,0x000000001d4f0000)]
  0x000000001c36e000 JavaThread "Handler for socket connection from /127.0.0.1:51532 to /127.0.0.1:51534" [_thread_in_native, id=12064, stack(0x000000001d0f0000,0x000000001d1f0000)]
  0x000000001c36d000 JavaThread "Daemon" [_thread_blocked, id=14212, stack(0x000000001cff0000,0x000000001d0f0000)]
  0x000000001c319800 JavaThread "Daemon periodic checks" [_thread_blocked, id=13700, stack(0x000000001cef0000,0x000000001cff0000)]
  0x000000001c304800 JavaThread "Incoming local TCP Connector on port 51532" [_thread_in_native, id=2180, stack(0x000000001ccb0000,0x000000001cdb0000)]
  0x000000001a16e800 JavaThread "Service Thread" daemon [_thread_blocked, id=13384, stack(0x000000001ada0000,0x000000001aea0000)]
  0x00000000181ee000 JavaThread "C1 CompilerThread3" daemon [_thread_blocked, id=13528, stack(0x000000001aca0000,0x000000001ada0000)]
  0x00000000181eb000 JavaThread "C2 CompilerThread2" daemon [_thread_in_native, id=13988, stack(0x000000001aba0000,0x000000001aca0000)]
=>0x000000001a0d5800 JavaThread "C2 CompilerThread1" daemon [_thread_in_native, id=7396, stack(0x000000001aaa0000,0x000000001aba0000)]
  0x000000001a0ce800 JavaThread "C2 CompilerThread0" daemon [_thread_in_native, id=1416, stack(0x000000001a9a0000,0x000000001aaa0000)]
  0x000000001a0cc000 JavaThread "Attach Listener" daemon [_thread_blocked, id=7872, stack(0x000000001a8a0000,0x000000001a9a0000)]
  0x000000001a0cb000 JavaThread "Signal Dispatcher" daemon [_thread_blocked, id=2080, stack(0x000000001a7a0000,0x000000001a8a0000)]
  0x000000001a0c0800 JavaThread "Finalizer" daemon [_thread_blocked, id=3920, stack(0x000000001a4a0000,0x000000001a5a0000)]
  0x0000000004419000 JavaThread "Reference Handler" daemon [_thread_blocked, id=14292, stack(0x0000000019fa0000,0x000000001a0a0000)]
  0x00000000041be800 JavaThread "main" [_thread_blocked, id=5904, stack(0x0000000004220000,0x0000000004320000)]

Other Threads:
  0x00000000181d7000 VMThread [stack: 0x0000000019ea0000,0x0000000019fa0000] [id=1884]
  0x000000001a177000 WatcherThread [stack: 0x000000001aea0000,0x000000001afa0000] [id=7240]

VM state:not at safepoint (normal execution)

VM Mutex/Monitor currently owned by a thread: None

Heap:
 PSYoungGen      total 239104K, used 151183K [0x00000000e0000000, 0x00000000f0180000, 0x0000000100000000)
  eden space 224768K, 64% used [0x00000000e0000000,0x00000000e8c98fe0,0x00000000edb80000)
  from space 14336K, 50% used [0x00000000edb80000,0x00000000ee28afe0,0x00000000ee980000)
  to   space 15360K, 0% used [0x00000000ee980000,0x00000000ee980000,0x00000000ef880000)
 ParOldGen       total 90624K, used 18100K [0x00000000a0000000, 0x00000000a5880000, 0x00000000e0000000)
  object space 90624K, 19% used [0x00000000a0000000,0x00000000a11ad0f0,0x00000000a5880000)
 Metaspace       used 46623K, capacity 47404K, committed 47832K, reserved 1091584K
  class space    used 6091K, capacity 6302K, committed 6400K, reserved 1048576K

Card table byte_map: [0x00000000137e0000,0x0000000013af0000] byte_map_base: 0x00000000132e0000

Marking Bits: (ParMarkBitMap*) 0x0000000071d53950
 Begin Bits: [0x00000000144f0000, 0x0000000015cf0000)
 End Bits:   [0x0000000015cf0000, 0x00000000174f0000)

Polling page: 0x0000000004120000

CodeCache: size=245760Kb used=18670Kb max_used=18684Kb free=227089Kb
 bounds [0x0000000004420000, 0x0000000005680000, 0x0000000013420000]
 total_blobs=6231 nmethods=5465 adapters=678
 compilation: enabled

Compilation events (10 events):
Event: 31.447 Thread 0x00000000181ee000 nmethod 6212 0x0000000005659450 code [0x00000000056595c0, 0x00000000056597c8]
Event: 31.462 Thread 0x000000001a0ce800 6213       4       java.util.jar.Manifest$FastInputStream::peek (38 bytes)
Event: 31.463 Thread 0x000000001a0ce800 nmethod 6213 0x00000000056641d0 code [0x0000000005664320, 0x0000000005664408]
Event: 31.468 Thread 0x00000000181ee000 6214       3       java.util.jar.Manifest::read (328 bytes)
Event: 31.470 Thread 0x00000000181ee000 nmethod 6214 0x000000000566b290 code [0x000000000566b600, 0x000000000566d018]
Event: 31.470 Thread 0x000000001a0ce800 6215       4       java.lang.String::<init> (38 bytes)
Event: 31.506 Thread 0x000000001a0ce800 nmethod 6215 0x0000000005670810 code [0x0000000005670a60, 0x0000000005671b40]
Event: 31.506 Thread 0x000000001a0ce800 6218       4       java.util.jar.Manifest$FastInputStream::readLine (9 bytes)
Event: 31.516 Thread 0x000000001a0ce800 nmethod 6218 0x0000000005665410 code [0x0000000005665560, 0x00000000056659d8]
Event: 31.516 Thread 0x000000001a0ce800 6216   !   4       java.lang.StringCoding::decode (120 bytes)

GC Heap History (10 events):
Event: 3.995 GC heap before
{Heap before GC invocations=5 (full 1):
 PSYoungGen      total 138240K, used 5108K [0x00000000e0000000, 0x00000000e8c00000, 0x0000000100000000)
  eden space 133120K, 0% used [0x00000000e0000000,0x00000000e0000000,0x00000000e8200000)
  from space 5120K, 99% used [0x00000000e8700000,0x00000000e8bfd080,0x00000000e8c00000)
  to   space 5120K, 0% used [0x00000000e8200000,0x00000000e8200000,0x00000000e8700000)
 ParOldGen       total 87552K, used 9410K [0x00000000a0000000, 0x00000000a5580000, 0x00000000e0000000)
  object space 87552K, 10% used [0x00000000a0000000,0x00000000a0930b08,0x00000000a5580000)
 Metaspace       used 20777K, capacity 21116K, committed 21248K, reserved 1067008K
  class space    used 2901K, capacity 3022K, committed 3072K, reserved 1048576K
Event: 4.023 GC heap after
Heap after GC invocations=5 (full 1):
 PSYoungGen      total 138240K, used 0K [0x00000000e0000000, 0x00000000e8c00000, 0x0000000100000000)
  eden space 133120K, 0% used [0x00000000e0000000,0x00000000e0000000,0x00000000e8200000)
  from space 5120K, 0% used [0x00000000e8700000,0x00000000e8700000,0x00000000e8c00000)
  to   space 5120K, 0% used [0x00000000e8200000,0x00000000e8200000,0x00000000e8700000)
 ParOldGen       total 58368K, used 8930K [0x00000000a0000000, 0x00000000a3900000, 0x00000000e0000000)
  object space 58368K, 15% used [0x00000000a0000000,0x00000000a08b8858,0x00000000a3900000)
 Metaspace       used 20777K, capacity 21116K, committed 21248K, reserved 1067008K
  class space    used 2901K, capacity 3022K, committed 3072K, reserved 1048576K
}
Event: 6.703 GC heap before
{Heap before GC invocations=6 (full 1):
 PSYoungGen      total 138240K, used 133120K [0x00000000e0000000, 0x00000000e8c00000, 0x0000000100000000)
  eden space 133120K, 100% used [0x00000000e0000000,0x00000000e8200000,0x00000000e8200000)
  from space 5120K, 0% used [0x00000000e8700000,0x00000000e8700000,0x00000000e8c00000)
  to   space 5120K, 0% used [0x00000000e8200000,0x00000000e8200000,0x00000000e8700000)
 ParOldGen       total 58368K, used 8930K [0x00000000a0000000, 0x00000000a3900000, 0x00000000e0000000)
  object space 58368K, 15% used [0x00000000a0000000,0x00000000a08b8858,0x00000000a3900000)
 Metaspace       used 31805K, capacity 32420K, committed 32512K, reserved 1077248K
  class space    used 4365K, capacity 4583K, committed 4608K, reserved 1048576K
Event: 6.723 GC heap after
Heap after GC invocations=6 (full 1):
 PSYoungGen      total 138240K, used 5120K [0x00000000e0000000, 0x00000000ef880000, 0x0000000100000000)
  eden space 133120K, 0% used [0x00000000e0000000,0x00000000e0000000,0x00000000e8200000)
  from space 5120K, 100% used [0x00000000e8200000,0x00000000e8700000,0x00000000e8700000)
  to   space 15360K, 0% used [0x00000000ee980000,0x00000000ee980000,0x00000000ef880000)
 ParOldGen       total 58368K, used 17689K [0x00000000a0000000, 0x00000000a3900000, 0x00000000e0000000)
  object space 58368K, 30% used [0x00000000a0000000,0x00000000a1146778,0x00000000a3900000)
 Metaspace       used 31805K, capacity 32420K, committed 32512K, reserved 1077248K
  class space    used 4365K, capacity 4583K, committed 4608K, reserved 1048576K
}
Event: 7.236 GC heap before
{Heap before GC invocations=7 (full 1):
 PSYoungGen      total 138240K, used 31313K [0x00000000e0000000, 0x00000000ef880000, 0x0000000100000000)
  eden space 133120K, 19% used [0x00000000e0000000,0x00000000e1994710,0x00000000e8200000)
  from space 5120K, 100% used [0x00000000e8200000,0x00000000e8700000,0x00000000e8700000)
  to   space 15360K, 0% used [0x00000000ee980000,0x00000000ee980000,0x00000000ef880000)
 ParOldGen       total 58368K, used 17689K [0x00000000a0000000, 0x00000000a3900000, 0x00000000e0000000)
  object space 58368K, 30% used [0x00000000a0000000,0x00000000a1146778,0x00000000a3900000)
 Metaspace       used 34657K, capacity 35348K, committed 35416K, reserved 1079296K
  class space    used 4720K, capacity 4977K, committed 4992K, reserved 1048576K
Event: 7.260 GC heap after
Heap after GC invocations=7 (full 1):
 PSYoungGen      total 240128K, used 8603K [0x00000000e0000000, 0x00000000f0180000, 0x0000000100000000)
  eden space 224768K, 0% used [0x00000000e0000000,0x00000000e0000000,0x00000000edb80000)
  from space 15360K, 56% used [0x00000000ee980000,0x00000000ef1e6f20,0x00000000ef880000)
  to   space 14336K, 0% used [0x00000000edb80000,0x00000000edb80000,0x00000000ee980000)
 ParOldGen       total 58368K, used 17697K [0x00000000a0000000, 0x00000000a3900000, 0x00000000e0000000)
  object space 58368K, 30% used [0x00000000a0000000,0x00000000a1148778,0x00000000a3900000)
 Metaspace       used 34657K, capacity 35348K, committed 35416K, reserved 1079296K
  class space    used 4720K, capacity 4977K, committed 4992K, reserved 1048576K
}
Event: 7.260 GC heap before
{Heap before GC invocations=8 (full 2):
 PSYoungGen      total 240128K, used 8603K [0x00000000e0000000, 0x00000000f0180000, 0x0000000100000000)
  eden space 224768K, 0% used [0x00000000e0000000,0x00000000e0000000,0x00000000edb80000)
  from space 15360K, 56% used [0x00000000ee980000,0x00000000ef1e6f20,0x00000000ef880000)
  to   space 14336K, 0% used [0x00000000edb80000,0x00000000edb80000,0x00000000ee980000)
 ParOldGen       total 58368K, used 17697K [0x00000000a0000000, 0x00000000a3900000, 0x00000000e0000000)
  object space 58368K, 30% used [0x00000000a0000000,0x00000000a1148778,0x00000000a3900000)
 Metaspace       used 34657K, capacity 35348K, committed 35416K, reserved 1079296K
  class space    used 4720K, capacity 4977K, committed 4992K, reserved 1048576K
Event: 7.355 GC heap after
Heap after GC invocations=8 (full 2):
 PSYoungGen      total 240128K, used 0K [0x00000000e0000000, 0x00000000f0180000, 0x0000000100000000)
  eden space 224768K, 0% used [0x00000000e0000000,0x00000000e0000000,0x00000000edb80000)
  from space 15360K, 0% used [0x00000000ee980000,0x00000000ee980000,0x00000000ef880000)
  to   space 14336K, 0% used [0x00000000edb80000,0x00000000edb80000,0x00000000ee980000)
 ParOldGen       total 90624K, used 18020K [0x00000000a0000000, 0x00000000a5880000, 0x00000000e0000000)
  object space 90624K, 19% used [0x00000000a0000000,0x00000000a11990e0,0x00000000a5880000)
 Metaspace       used 34613K, capacity 35236K, committed 35416K, reserved 1079296K
  class space    used 4705K, capacity 4961K, committed 4992K, reserved 1048576K
}
Event: 28.682 GC heap before
{Heap before GC invocations=9 (full 2):
 PSYoungGen      total 240128K, used 224768K [0x00000000e0000000, 0x00000000f0180000, 0x0000000100000000)
  eden space 224768K, 100% used [0x00000000e0000000,0x00000000edb80000,0x00000000edb80000)
  from space 15360K, 0% used [0x00000000ee980000,0x00000000ee980000,0x00000000ef880000)
  to   space 14336K, 0% used [0x00000000edb80000,0x00000000edb80000,0x00000000ee980000)
 ParOldGen       total 90624K, used 18020K [0x00000000a0000000, 0x00000000a5880000, 0x00000000e0000000)
  object space 90624K, 19% used [0x00000000a0000000,0x00000000a11990e0,0x00000000a5880000)
 Metaspace       used 39190K, capacity 39830K, committed 40152K, reserved 1083392K
  class space    used 5139K, capacity 5354K, committed 5376K, reserved 1048576K
Event: 28.695 GC heap after
Heap after GC invocations=9 (full 2):
 PSYoungGen      total 239104K, used 7211K [0x00000000e0000000, 0x00000000f0180000, 0x0000000100000000)
  eden space 224768K, 0% used [0x00000000e0000000,0x00000000e0000000,0x00000000edb80000)
  from space 14336K, 50% used [0x00000000edb80000,0x00000000ee28afe0,0x00000000ee980000)
  to   space 15360K, 0% used [0x00000000ee980000,0x00000000ee980000,0x00000000ef880000)
 ParOldGen       total 90624K, used 18100K [0x00000000a0000000, 0x00000000a5880000, 0x00000000e0000000)
  object space 90624K, 19% used [0x00000000a0000000,0x00000000a11ad0f0,0x00000000a5880000)
 Metaspace       used 39190K, capacity 39830K, committed 40152K, reserved 1083392K
  class space    used 5139K, capacity 5354K, committed 5376K, reserved 1048576K
}

Deoptimization events (10 events):
Event: 31.408 Thread 0x000000001c38f000 Uncommon trap: reason=bimorphic action=maybe_recompile pc=0x000000000502528c method=java.util.Hashtable.get(Ljava/lang/Object;)Ljava/lang/Object; @ 6
Event: 31.410 Thread 0x000000001c38f000 Uncommon trap: reason=bimorphic action=maybe_recompile pc=0x000000000502528c method=java.util.Hashtable.get(Ljava/lang/Object;)Ljava/lang/Object; @ 6
Event: 31.421 Thread 0x000000001c38f000 Uncommon trap: reason=class_check action=maybe_recompile pc=0x0000000005394c8c method=java.lang.StringCoding.encode(Ljava/nio/charset/Charset;[CII)[B @ 1
Event: 31.438 Thread 0x000000001c38f000 Uncommon trap: reason=unstable_if action=reinterpret pc=0x000000000515fa24 method=java.util.jar.JarFile.getInputStream(Ljava/util/zip/ZipEntry;)Ljava/io/InputStream; @ 37
Event: 31.447 Thread 0x000000001c38f000 Uncommon trap: reason=class_check action=maybe_recompile pc=0x0000000005394c8c method=java.lang.StringCoding.encode(Ljava/nio/charset/Charset;[CII)[B @ 1
Event: 31.449 Thread 0x000000001c38f000 Uncommon trap: reason=unstable_if action=reinterpret pc=0x000000000454fa30 method=java.security.CodeSource.<init>(Ljava/net/URL;[Ljava/security/CodeSigner;)V @ 25
Event: 31.450 Thread 0x000000001c38f000 Uncommon trap: reason=unstable_if action=reinterpret pc=0x0000000004746360 method=java.security.CodeSource.getCertificates()[Ljava/security/cert/Certificate; @ 22
Event: 31.451 Thread 0x000000001c38f000 Uncommon trap: reason=class_check action=maybe_recompile pc=0x0000000005394c8c method=java.lang.StringCoding.encode(Ljava/nio/charset/Charset;[CII)[B @ 1
Event: 31.451 Thread 0x000000001c38f000 Uncommon trap: reason=unstable_if action=reinterpret pc=0x00000000054c9ac0 method=java.security.CodeSource.matchCerts(Ljava/security/CodeSource;Z)Z @ 11
Event: 31.451 Thread 0x000000001c38f000 Uncommon trap: reason=unstable_if action=reinterpret pc=0x000000000492c29c method=java.security.CodeSource.getCertificates()[Ljava/security/cert/Certificate; @ 4

Classes redefined (0 events):
No events

Internal exceptions (10 events):
Event: 29.985 Thread 0x000000001c38f000 Exception <a 'java/lang/ClassNotFoundException': org/gradle/api/tasks/Delete_DecoratedCustomizer> (0x00000000e32a4830) thrown at [D:\src\AOSP-openjdk-cygwin\jdk8u\hotspot\src\share\vm\classfile\systemDictionary.cpp, line 210]
Event: 30.027 Thread 0x000000001c38f000 Exception <a 'java/lang/ClassNotFoundException': build_2ju9tvze0saeqw3zc98gma0chBeanInfo> (0x00000000e342de38) thrown at [D:\src\AOSP-openjdk-cygwin\jdk8u\hotspot\src\share\vm\classfile\systemDictionary.cpp, line 210]
Event: 30.027 Thread 0x000000001c38f000 Exception <a 'java/lang/ClassNotFoundException': build_2ju9tvze0saeqw3zc98gma0chCustomizer> (0x00000000e3438858) thrown at [D:\src\AOSP-openjdk-cygwin\jdk8u\hotspot\src\share\vm\classfile\systemDictionary.cpp, line 210]
Event: 30.034 Thread 0x000000001c38f000 Exception <a 'java/lang/ClassNotFoundException': org/gradle/api/internal/plugins/DefaultObjectConfigurationActionBeanInfo> (0x00000000e34a0440) thrown at [D:\src\AOSP-openjdk-cygwin\jdk8u\hotspot\src\share\vm\classfile\systemDictionary.cpp, line 210]
Event: 30.037 Thread 0x000000001c38f000 Exception <a 'java/lang/ClassNotFoundException': org/gradle/api/internal/plugins/DefaultObjectConfigurationActionCustomizer> (0x00000000e34d9c30) thrown at [D:\src\AOSP-openjdk-cygwin\jdk8u\hotspot\src\share\vm\classfile\systemDictionary.cpp, line 210]
Event: 30.242 Thread 0x000000001c38f000 Implicit null exception at 0x00000000046cfe7a to 0x00000000046d3cf9
Event: 30.243 Thread 0x000000001c38f000 Implicit null exception at 0x00000000045b26d5 to 0x00000000045b29bd
Event: 30.369 Thread 0x000000001c38f000 Exception <a 'sun/nio/fs/WindowsException'> (0x00000000e42006e0) thrown at [D:\src\AOSP-openjdk-cygwin\jdk8u\hotspot\src\share\vm\prims\jni.cpp, line 709]
Event: 30.557 Thread 0x000000001c38f000 Exception <a 'sun/nio/fs/WindowsException'> (0x00000000e4ebd0f8) thrown at [D:\src\AOSP-openjdk-cygwin\jdk8u\hotspot\src\share\vm\prims\jni.cpp, line 709]
Event: 31.377 Thread 0x000000001c38f000 Implicit null exception at 0x0000000004f93628 to 0x0000000004f93b39

Events (10 events):
Event: 31.532 Thread 0x000000001c38f000 DEOPT PACKING pc=0x0000000005648cc9 sp=0x000000001d5e77e0
Event: 31.532 Thread 0x000000001c38f000 DEOPT UNPACKING pc=0x00000000044675bf sp=0x000000001d5e74e0 mode 0
Event: 31.533 Thread 0x000000001c38f000 DEOPT PACKING pc=0x0000000005648cc9 sp=0x000000001d5e77e0
Event: 31.533 Thread 0x000000001c38f000 DEOPT UNPACKING pc=0x00000000044675bf sp=0x000000001d5e74e0 mode 0
Event: 31.533 Thread 0x000000001c38f000 DEOPT PACKING pc=0x0000000005648cc9 sp=0x000000001d5e77e0
Event: 31.533 Thread 0x000000001c38f000 DEOPT UNPACKING pc=0x00000000044675bf sp=0x000000001d5e74e0 mode 0
Event: 31.533 Thread 0x000000001c38f000 DEOPT PACKING pc=0x0000000005648cc9 sp=0x000000001d5e77e0
Event: 31.534 Thread 0x000000001c38f000 DEOPT UNPACKING pc=0x00000000044675bf sp=0x000000001d5e74e0 mode 0
Event: 31.534 Thread 0x000000001c38f000 DEOPT PACKING pc=0x0000000005648cc9 sp=0x000000001d5e77e0
Event: 31.534 Thread 0x000000001c38f000 DEOPT UNPACKING pc=0x00000000044675bf sp=0x000000001d5e74e0 mode 0


Dynamic libraries:
0x00007ff73c380000 - 0x00007ff73c3b1000 	D:\Install\android-studio 3.0\jre\bin\java.exe
0x00007ffbd7f40000 - 0x00007ffbd8120000 	C:\WINDOWS\SYSTEM32\ntdll.dll
0x00007ffbd5e60000 - 0x00007ffbd5f0e000 	C:\WINDOWS\System32\KERNEL32.DLL
0x00007ffbd46e0000 - 0x00007ffbd4946000 	C:\WINDOWS\System32\KERNELBASE.dll
0x00007ffbd6090000 - 0x00007ffbd6131000 	C:\WINDOWS\System32\ADVAPI32.dll
0x00007ffbd56c0000 - 0x00007ffbd575d000 	C:\WINDOWS\System32\msvcrt.dll
0x00007ffbd5660000 - 0x00007ffbd56bb000 	C:\WINDOWS\System32\sechost.dll
0x00007ffbd5f70000 - 0x00007ffbd608f000 	C:\WINDOWS\System32\RPCRT4.dll
0x00007ffbd54d0000 - 0x00007ffbd565f000 	C:\WINDOWS\System32\USER32.dll
0x00007ffbd4a50000 - 0x00007ffbd4a70000 	C:\WINDOWS\System32\win32u.dll
0x00007ffbd54a0000 - 0x00007ffbd54c8000 	C:\WINDOWS\System32\GDI32.dll
0x00007ffbd5270000 - 0x00007ffbd5403000 	C:\WINDOWS\System32\gdi32full.dll
0x00007ffbd49b0000 - 0x00007ffbd4a4b000 	C:\WINDOWS\System32\msvcp_win.dll
0x00007ffbd4340000 - 0x00007ffbd4436000 	C:\WINDOWS\System32\ucrtbase.dll
0x00007ffbc9dd0000 - 0x00007ffbca039000 	C:\WINDOWS\WinSxS\amd64_microsoft.windows.common-controls_6595b64144ccf1df_6.0.16299.371_none_15c7d1789365a290\COMCTL32.dll
0x00007ffbd5890000 - 0x00007ffbd5b98000 	C:\WINDOWS\System32\combase.dll
0x00007ffbd4440000 - 0x00007ffbd44b2000 	C:\WINDOWS\System32\bcryptPrimitives.dll
0x00007ffbd6140000 - 0x00007ffbd616d000 	C:\WINDOWS\System32\IMM32.DLL
0x00000000713d0000 - 0x00000000714a2000 	D:\Install\android-studio 3.0\jre\jre\bin\msvcr100.dll
0x0000000071590000 - 0x0000000071dce000 	D:\Install\android-studio 3.0\jre\jre\bin\server\jvm.dll
0x00007ffbd7bc0000 - 0x00007ffbd7bc8000 	C:\WINDOWS\System32\PSAPI.DLL
0x00007ffbc0be0000 - 0x00007ffbc0be9000 	C:\WINDOWS\SYSTEM32\WSOCK32.dll
0x00007ffbd0540000 - 0x00007ffbd0563000 	C:\WINDOWS\SYSTEM32\WINMM.dll
0x00007ffbce490000 - 0x00007ffbce49a000 	C:\WINDOWS\SYSTEM32\VERSION.dll
0x00007ffbd6170000 - 0x00007ffbd61dc000 	C:\WINDOWS\System32\WS2_32.dll
0x00007ffbd04e0000 - 0x00007ffbd050a000 	C:\WINDOWS\SYSTEM32\winmmbase.dll
0x00007ffbd4690000 - 0x00007ffbd46da000 	C:\WINDOWS\System32\cfgmgr32.dll
0x00007ffbc6b00000 - 0x00007ffbc6b0f000 	D:\Install\android-studio 3.0\jre\jre\bin\verify.dll
0x00007ffbc48e0000 - 0x00007ffbc4909000 	D:\Install\android-studio 3.0\jre\jre\bin\java.dll
0x00007ffbc0ae0000 - 0x00007ffbc0af6000 	D:\Install\android-studio 3.0\jre\jre\bin\zip.dll
0x00007ffbd61e0000 - 0x00007ffbd7616000 	C:\WINDOWS\System32\SHELL32.dll
0x00007ffbd7b10000 - 0x00007ffbd7bb6000 	C:\WINDOWS\System32\shcore.dll
0x00007ffbd4b20000 - 0x00007ffbd5267000 	C:\WINDOWS\System32\windows.storage.dll
0x00007ffbd5830000 - 0x00007ffbd5881000 	C:\WINDOWS\System32\shlwapi.dll
0x00007ffbd4300000 - 0x00007ffbd4311000 	C:\WINDOWS\System32\kernel.appcore.dll
0x00007ffbd4290000 - 0x00007ffbd42dc000 	C:\WINDOWS\System32\powrprof.dll
0x00007ffbd42e0000 - 0x00007ffbd42fb000 	C:\WINDOWS\System32\profapi.dll
0x00007ffbbf5e0000 - 0x00007ffbbf5fa000 	D:\Install\android-studio 3.0\jre\jre\bin\net.dll
0x00007ffbd3b20000 - 0x00007ffbd3b86000 	C:\WINDOWS\system32\mswsock.dll
0x00007ffbbe500000 - 0x00007ffbbe511000 	D:\Install\android-studio 3.0\jre\jre\bin\nio.dll
0x00007ffbbe870000 - 0x00007ffbbe88e000 	C:\Users\Viktor\.gradle\native\25\windows-amd64\native-platform.dll
0x00007ffbc69e0000 - 0x00007ffbc69ed000 	D:\Install\android-studio 3.0\jre\jre\bin\management.dll
0x00007ffbd3ce0000 - 0x00007ffbd3cf7000 	C:\WINDOWS\SYSTEM32\CRYPTSP.dll
0x00007ffbd3720000 - 0x00007ffbd3753000 	C:\WINDOWS\system32\rsaenh.dll
0x00007ffbd3df0000 - 0x00007ffbd3e15000 	C:\WINDOWS\SYSTEM32\bcrypt.dll
0x00007ffbd41c0000 - 0x00007ffbd41e9000 	C:\WINDOWS\SYSTEM32\USERENV.dll
0x00007ffbd3d00000 - 0x00007ffbd3d0b000 	C:\WINDOWS\SYSTEM32\CRYPTBASE.dll
0x00007ffbd38b0000 - 0x00007ffbd38e9000 	C:\WINDOWS\SYSTEM32\IPHLPAPI.DLL
0x00007ffbd5490000 - 0x00007ffbd5498000 	C:\WINDOWS\System32\NSI.dll
0x00007ffbcdd50000 - 0x00007ffbcdd66000 	C:\WINDOWS\SYSTEM32\dhcpcsvc6.DLL
0x00007ffbcf140000 - 0x00007ffbcf15a000 	C:\WINDOWS\SYSTEM32\dhcpcsvc.DLL
0x00007ffbbe070000 - 0x00007ffbbe094000 	D:\Install\android-studio 3.0\jre\jre\bin\sunec.dll
0x00007ffbd38f0000 - 0x00007ffbd39a6000 	C:\WINDOWS\SYSTEM32\DNSAPI.dll
0x00007ffbca8e0000 - 0x00007ffbca8ea000 	C:\Windows\System32\rasadhlp.dll
0x00007ffbcad90000 - 0x00007ffbcae00000 	C:\WINDOWS\System32\fwpuclnt.dll
0x00007ffbc48d0000 - 0x00007ffbc48db000 	D:\Install\android-studio 3.0\jre\jre\bin\sunmscapi.dll
0x00007ffbd44c0000 - 0x00007ffbd468e000 	C:\WINDOWS\System32\CRYPT32.dll
0x00007ffbd4320000 - 0x00007ffbd4332000 	C:\WINDOWS\System32\MSASN1.dll

VM Arguments:
jvm_args: -Xmx1536m -Dfile.encoding=windows-1250 -Duser.country=HU -Duser.language=hu -Duser.variant 
java_command: org.gradle.launcher.daemon.bootstrap.GradleDaemon 4.6
java_class_path (initial): C:\Users\Viktor\.gradle\wrapper\dists\gradle-4.6-all\bcst21l2brirad8k2ben1letg\gradle-4.6\lib\gradle-launcher-4.6.jar
Launcher Type: SUN_STANDARD

Environment Variables:
JAVA_HOME=d:\Program Files (x86)\Java\jdk1.8.0_131\
PATH=D:\Python27\;D:\Python27\Scripts;C:\ProgramData\Oracle\Java\javapath;d:\Program Files\Abev 2006\krtitok;C:\Program Files (x86)\Intel\iCLS Client\;C:\Program Files\Intel\iCLS Client\;C:\Windows\system32;C:\Windows;C:\Windows\System32\Wbem;C:\Windows\System32\WindowsPowerShell\v1.0\;C:\Program Files\Intel\Intel(R) Management Engine Components\DAL;C:\Program Files\Intel\Intel(R) Management Engine Components\IPT;C:\Program Files (x86)\Intel\Intel(R) Management Engine Components\DAL;C:\Program Files (x86)\Intel\Intel(R) Management Engine Components\IPT;C:\Program Files\Intel\WiFi\bin\;C:\Program Files\Common Files\Intel\WirelessCommon\;C:\Program Files (x86)\NVIDIA Corporation\PhysX\Common;C:\WINDOWS\system32;C:\WINDOWS;C:\WINDOWS\System32\Wbem;C:\WINDOWS\System32\WindowsPowerShell\v1.0\;C:\Program Files (x86)\Skype\Phone\;C:\Program Files\Calibre2\;D:\Program Files\nodejs\;d:\Install\Android SDK\platform-tools;c:\Users\Viktor\AppData\Roaming\npm\;d:\Install\apache-maven-3.5.2\\bin;D:\Portable\PuTTY\;C:\Users\Viktor\AppData\Local\Microsoft\WindowsApps;D:\Program Files\Git\cmd;C:\Users\Viktor\AppData\Roaming\npm;C:\Users\Viktor\AppData\Local\atom\bin;D:\Install\atom\bin;%USERPROFILE%\AppData\Local\Microsoft\WindowsApps;
USERNAME=Viktor
OS=Windows_NT
PROCESSOR_IDENTIFIER=Intel64 Family 6 Model 60 Stepping 3, GenuineIntel



---------------  S Y S T E M  ---------------

OS: Windows 10.0 , 64 bit Build 16299 (10.0.16299.15)

CPU:total 8 (initial active 8) (4 cores per cpu, 2 threads per core) family 6 model 60 stepping 3, cmov, cx8, fxsr, mmx, sse, sse2, sse3, ssse3, sse4.1, sse4.2, popcnt, avx, avx2, aes, clmul, erms, lzcnt, ht, tsc, tscinvbit, bmi1, bmi2

Memory: 4k page, physical 8268732k(451948k free), swap 11183672k(7408k free)

vm_info: OpenJDK 64-Bit Server VM (25.152-b01) for windows-amd64 JRE (1.8.0_152-release-915-b01), built by "builder" with MS VC++ 10.0 (VS2010)

time: Mon Apr 16 21:32:40 2018
elapsed time: 31 seconds (0d 0h 0m 31s)

