#
# There is insufficient memory for the Java Runtime Environment to continue.
# Native memory allocation (malloc) failed to allocate 1656832 bytes for Chunk::new
# Possible reasons:
#   The system is out of physical RAM or swap space
#   In 32 bit mode, the process size limit was hit
# Possible solutions:
#   Reduce memory load on the system
#   Increase physical memory or swap space
#   Check if swap backing store is full
#   Use 64 bit Java on a 64 bit OS
#   Decrease Java heap size (-Xmx/-Xms)
#   Decrease number of Java threads
#   Decrease Java thread stack sizes (-Xss)
#   Set larger code cache with -XX:ReservedCodeCacheSize=
# This output file may be truncated or incomplete.
#
#  Out of Memory Error (allocation.cpp:390), pid=12440, tid=0x000000000000131c
#
# JRE version: OpenJDK Runtime Environment (8.0_152-b01) (build 1.8.0_152-release-915-b01)
# Java VM: OpenJDK 64-Bit Server VM (25.152-b01 mixed mode windows-amd64 compressed oops)
# Failed to write core dump. Minidumps are not enabled by default on client versions of Windows
#

---------------  T H R E A D  ---------------

Current thread (0x000000001aebf800):  JavaThread "C2 CompilerThread0" daemon [_thread_in_native, id=4892, stack(0x000000001b790000,0x000000001b890000)]

Stack: [0x000000001b790000,0x000000001b890000]
[error occurred during error reporting (printing stack bounds), id 0xc0000005]

Native frames: (J=compiled Java code, j=interpreted, Vv=VM code, C=native code)


Current CompileTask:
C2:  31540 6661       4       org.gradle.model.internal.type.ModelType::wrap (219 bytes)


---------------  P R O C E S S  ---------------

Java Threads: ( => current thread )
  0x000000001d4c3000 JavaThread "Memory manager" [_thread_blocked, id=7344, stack(0x00000000265e0000,0x00000000266e0000)]
  0x000000001d4c1000 JavaThread "pool-1-thread-1" [_thread_blocked, id=5900, stack(0x00000000262e0000,0x00000000263e0000)]
  0x000000001d4bb800 JavaThread "Build operations Thread 8" [_thread_blocked, id=1716, stack(0x00000000258e0000,0x00000000259e0000)]
  0x000000001d4c2800 JavaThread "Build operations Thread 7" [_thread_blocked, id=2572, stack(0x00000000257e0000,0x00000000258e0000)]
  0x000000001d4bb000 JavaThread "Build operations Thread 6" [_thread_blocked, id=13304, stack(0x00000000256e0000,0x00000000257e0000)]
  0x000000001f0b7800 JavaThread "Build operations Thread 5" [_thread_blocked, id=7848, stack(0x00000000255e0000,0x00000000256e0000)]
  0x000000001f0b7000 JavaThread "Build operations Thread 4" [_thread_blocked, id=10712, stack(0x00000000254e0000,0x00000000255e0000)]
  0x000000001f0b6000 JavaThread "Build operations Thread 3" [_thread_blocked, id=4808, stack(0x00000000253e0000,0x00000000254e0000)]
  0x000000001f0b5800 JavaThread "Build operations Thread 2" [_thread_blocked, id=4880, stack(0x00000000250e0000,0x00000000251e0000)]
  0x000000001f0b4800 JavaThread "Build operations" [_thread_blocked, id=1008, stack(0x0000000024fe0000,0x00000000250e0000)]
  0x000000001f0b2800 JavaThread "Cache worker for Artifact transforms cache (C:\Users\Viktor\.gradle\caches\transforms-1)" [_thread_blocked, id=11576, stack(0x0000000022250000,0x0000000022350000)]
  0x000000001f0b9000 JavaThread "Cache worker for file hash cache (D:\Viktor\Projektek\Amplitude\.gradle\4.6\fileHashes)" [_thread_blocked, id=6072, stack(0x000000001fbd0000,0x000000001fcd0000)]
  0x000000001d3f1000 JavaThread "File lock release action executor" [_thread_blocked, id=13980, stack(0x000000001fad0000,0x000000001fbd0000)]
  0x000000001d1a6800 JavaThread "File lock request listener" [_thread_in_native, id=2580, stack(0x000000001ea00000,0x000000001eb00000)]
  0x000000001d1f2000 JavaThread "Cache worker for file hash cache (C:\Users\Viktor\.gradle\caches\4.6\fileHashes)" [_thread_blocked, id=12780, stack(0x000000001e900000,0x000000001ea00000)]
  0x000000001cdc9000 JavaThread "Stdin handler" [_thread_blocked, id=5444, stack(0x000000001e600000,0x000000001e700000)]
  0x000000001cdc5000 JavaThread "Asynchronous log dispatcher for DefaultDaemonConnection: socket connection from /127.0.0.1:51531 to /127.0.0.1:51533" [_thread_blocked, id=9112, stack(0x000000001e400000,0x000000001e500000)]
  0x000000001cdbd800 JavaThread "Daemon worker" [_thread_in_native, id=13128, stack(0x000000001e300000,0x000000001e400000)]
  0x000000001cdb3800 JavaThread "Cancel handler" [_thread_blocked, id=11452, stack(0x000000001e200000,0x000000001e300000)]
  0x000000001cda6000 JavaThread "Handler for socket connection from /127.0.0.1:51531 to /127.0.0.1:51533" [_thread_in_native, id=13936, stack(0x000000001df00000,0x000000001e000000)]
  0x000000001cda5800 JavaThread "Daemon" [_thread_blocked, id=7084, stack(0x000000001de00000,0x000000001df00000)]
  0x000000001cd6d000 JavaThread "Daemon periodic checks" [_thread_blocked, id=12576, stack(0x000000001dd00000,0x000000001de00000)]
  0x000000001cfac800 JavaThread "Incoming local TCP Connector on port 51531" [_thread_in_native, id=14264, stack(0x000000001dac0000,0x000000001dbc0000)]
  0x000000001af6d800 JavaThread "Service Thread" daemon [_thread_blocked, id=8312, stack(0x000000001bb90000,0x000000001bc90000)]
  0x000000001aecf000 JavaThread "C1 CompilerThread3" daemon [_thread_blocked, id=4800, stack(0x000000001ba90000,0x000000001bb90000)]
  0x0000000018fd9000 JavaThread "C2 CompilerThread2" daemon [_thread_in_native, id=13364, stack(0x000000001b990000,0x000000001ba90000)]
  0x000000001aec4800 JavaThread "C2 CompilerThread1" daemon [_thread_blocked, id=9196, stack(0x000000001b890000,0x000000001b990000)]
=>0x000000001aebf800 JavaThread "C2 CompilerThread0" daemon [_thread_in_native, id=4892, stack(0x000000001b790000,0x000000001b890000)]
  0x000000001aebd000 JavaThread "Attach Listener" daemon [_thread_blocked, id=6264, stack(0x000000001b690000,0x000000001b790000)]
  0x000000001aebb800 JavaThread "Signal Dispatcher" daemon [_thread_blocked, id=8520, stack(0x000000001b590000,0x000000001b690000)]
  0x000000000520e800 JavaThread "Finalizer" daemon [_thread_blocked, id=10936, stack(0x000000001b290000,0x000000001b390000)]
  0x0000000005207000 JavaThread "Reference Handler" daemon [_thread_blocked, id=1800, stack(0x000000001ad90000,0x000000001ae90000)]
  0x000000000500e800 JavaThread "main" [_thread_blocked, id=13880, stack(0x0000000005010000,0x0000000005110000)]

Other Threads:
  0x0000000018fc7800 VMThread [stack: 0x000000001ac90000,0x000000001ad90000] [id=7244]
  0x000000001af6e000 WatcherThread [stack: 0x000000001bc90000,0x000000001bd90000] [id=6260]

VM state:not at safepoint (normal execution)

VM Mutex/Monitor currently owned by a thread: None

Heap:
 PSYoungGen      total 302592K, used 120401K [0x00000000e0000000, 0x00000000f3b00000, 0x0000000100000000)
  eden space 291840K, 38% used [0x00000000e0000000,0x00000000e6d1dd90,0x00000000f1d00000)
  from space 10752K, 80% used [0x00000000f3080000,0x00000000f38f6980,0x00000000f3b00000)
  to   space 15360K, 0% used [0x00000000f1d00000,0x00000000f1d00000,0x00000000f2c00000)
 ParOldGen       total 95744K, used 18648K [0x00000000a0000000, 0x00000000a5d80000, 0x00000000e0000000)
  object space 95744K, 19% used [0x00000000a0000000,0x00000000a1236268,0x00000000a5d80000)
 Metaspace       used 48602K, capacity 49654K, committed 50088K, reserved 1093632K
  class space    used 6324K, capacity 6697K, committed 6824K, reserved 1048576K

Card table byte_map: [0x00000000145d0000,0x00000000148e0000] byte_map_base: 0x00000000140d0000

Marking Bits: (ParMarkBitMap*) 0x0000000071d53950
 Begin Bits: [0x00000000152e0000, 0x0000000016ae0000)
 End Bits:   [0x0000000016ae0000, 0x00000000182e0000)

Polling page: 0x0000000003210000

CodeCache: size=245760Kb used=20866Kb max_used=20878Kb free=224893Kb
 bounds [0x0000000005210000, 0x0000000006690000, 0x0000000014210000]
 total_blobs=6699 nmethods=5912 adapters=699
 compilation: enabled

Compilation events (10 events):
Event: 31.448 Thread 0x000000001aec4800 6866   !   4       java.lang.StringCoding::decode (120 bytes)
Event: 31.453 Thread 0x000000001aecf000 6883       3       java.util.Hashtable::rehash (142 bytes)
Event: 31.454 Thread 0x000000001aecf000 nmethod 6883 0x0000000006680c50 code [0x0000000006680e20, 0x0000000006681468]
Event: 31.463 Thread 0x000000001aecf000 6885       3       java.security.CodeSource::equals (60 bytes)
Event: 31.464 Thread 0x000000001aecf000 nmethod 6885 0x00000000066889d0 code [0x0000000006688b80, 0x0000000006689358]
Event: 31.478 Thread 0x000000001aec4800 nmethod 6866 0x000000000668bad0 code [0x000000000668bd00, 0x000000000668cb50]
Event: 31.478 Thread 0x000000001aec4800 6884  s    4       java.util.Hashtable::get (69 bytes)
Event: 31.485 Thread 0x000000001aec4800 nmethod 6884 0x000000000668df10 code [0x000000000668e080, 0x000000000668e7d8]
Event: 31.485 Thread 0x000000001aec4800 6886       4       java.lang.ClassLoader::addClass (9 bytes)
Event: 31.488 Thread 0x000000001aec4800 nmethod 6886 0x000000000667e8d0 code [0x000000000667ea40, 0x000000000667ee28]

GC Heap History (10 events):
Event: 7.635 GC heap before
{Heap before GC invocations=6 (full 1):
 PSYoungGen      total 138240K, used 133120K [0x00000000e0000000, 0x00000000e8c00000, 0x0000000100000000)
  eden space 133120K, 100% used [0x00000000e0000000,0x00000000e8200000,0x00000000e8200000)
  from space 5120K, 0% used [0x00000000e8700000,0x00000000e8700000,0x00000000e8c00000)
  to   space 5120K, 0% used [0x00000000e8200000,0x00000000e8200000,0x00000000e8700000)
 ParOldGen       total 61952K, used 9523K [0x00000000a0000000, 0x00000000a3c80000, 0x00000000e0000000)
  object space 61952K, 15% used [0x00000000a0000000,0x00000000a094ce00,0x00000000a3c80000)
 Metaspace       used 29497K, capacity 30044K, committed 30080K, reserved 1075200K
  class space    used 3991K, capacity 4206K, committed 4224K, reserved 1048576K
Event: 7.645 GC heap after
Heap after GC invocations=6 (full 1):
 PSYoungGen      total 138240K, used 5104K [0x00000000e0000000, 0x00000000ee880000, 0x0000000100000000)
  eden space 133120K, 0% used [0x00000000e0000000,0x00000000e0000000,0x00000000e8200000)
  from space 5120K, 99% used [0x00000000e8200000,0x00000000e86fc050,0x00000000e8700000)
  to   space 13312K, 0% used [0x00000000edb80000,0x00000000edb80000,0x00000000ee880000)
 ParOldGen       total 61952K, used 14650K [0x00000000a0000000, 0x00000000a3c80000, 0x00000000e0000000)
  object space 61952K, 23% used [0x00000000a0000000,0x00000000a0e4e878,0x00000000a3c80000)
 Metaspace       used 29497K, capacity 30044K, committed 30080K, reserved 1075200K
  class space    used 3991K, capacity 4206K, committed 4224K, reserved 1048576K
}
Event: 12.730 GC heap before
{Heap before GC invocations=7 (full 1):
 PSYoungGen      total 138240K, used 75598K [0x00000000e0000000, 0x00000000ee880000, 0x0000000100000000)
  eden space 133120K, 52% used [0x00000000e0000000,0x00000000e44d7aa0,0x00000000e8200000)
  from space 5120K, 99% used [0x00000000e8200000,0x00000000e86fc050,0x00000000e8700000)
  to   space 13312K, 0% used [0x00000000edb80000,0x00000000edb80000,0x00000000ee880000)
 ParOldGen       total 61952K, used 14650K [0x00000000a0000000, 0x00000000a3c80000, 0x00000000e0000000)
  object space 61952K, 23% used [0x00000000a0000000,0x00000000a0e4e878,0x00000000a3c80000)
 Metaspace       used 34734K, capacity 35422K, committed 35496K, reserved 1079296K
  class space    used 4735K, capacity 5018K, committed 5032K, reserved 1048576K
Event: 12.749 GC heap after
Heap after GC invocations=7 (full 1):
 PSYoungGen      total 218112K, used 12295K [0x00000000e0000000, 0x00000000ee800000, 0x0000000100000000)
  eden space 205312K, 0% used [0x00000000e0000000,0x00000000e0000000,0x00000000ec880000)
  from space 12800K, 96% used [0x00000000edb80000,0x00000000ee781d48,0x00000000ee800000)
  to   space 14848K, 0% used [0x00000000ecb00000,0x00000000ecb00000,0x00000000ed980000)
 ParOldGen       total 61952K, used 14658K [0x00000000a0000000, 0x00000000a3c80000, 0x00000000e0000000)
  object space 61952K, 23% used [0x00000000a0000000,0x00000000a0e50878,0x00000000a3c80000)
 Metaspace       used 34734K, capacity 35422K, committed 35496K, reserved 1079296K
  class space    used 4735K, capacity 5018K, committed 5032K, reserved 1048576K
}
Event: 12.749 GC heap before
{Heap before GC invocations=8 (full 2):
 PSYoungGen      total 218112K, used 12295K [0x00000000e0000000, 0x00000000ee800000, 0x0000000100000000)
  eden space 205312K, 0% used [0x00000000e0000000,0x00000000e0000000,0x00000000ec880000)
  from space 12800K, 96% used [0x00000000edb80000,0x00000000ee781d48,0x00000000ee800000)
  to   space 14848K, 0% used [0x00000000ecb00000,0x00000000ecb00000,0x00000000ed980000)
 ParOldGen       total 61952K, used 14658K [0x00000000a0000000, 0x00000000a3c80000, 0x00000000e0000000)
  object space 61952K, 23% used [0x00000000a0000000,0x00000000a0e50878,0x00000000a3c80000)
 Metaspace       used 34734K, capacity 35422K, committed 35496K, reserved 1079296K
  class space    used 4735K, capacity 5018K, committed 5032K, reserved 1048576K
Event: 12.847 GC heap after
Heap after GC invocations=8 (full 2):
 PSYoungGen      total 218112K, used 0K [0x00000000e0000000, 0x00000000ee800000, 0x0000000100000000)
  eden space 205312K, 0% used [0x00000000e0000000,0x00000000e0000000,0x00000000ec880000)
  from space 12800K, 0% used [0x00000000edb80000,0x00000000edb80000,0x00000000ee800000)
  to   space 14848K, 0% used [0x00000000ecb00000,0x00000000ecb00000,0x00000000ed980000)
 ParOldGen       total 95744K, used 18560K [0x00000000a0000000, 0x00000000a5d80000, 0x00000000e0000000)
  object space 95744K, 19% used [0x00000000a0000000,0x00000000a1220258,0x00000000a5d80000)
 Metaspace       used 34683K, capacity 35290K, committed 35496K, reserved 1079296K
  class space    used 4722K, capacity 4974K, committed 5032K, reserved 1048576K
}
Event: 26.779 GC heap before
{Heap before GC invocations=9 (full 2):
 PSYoungGen      total 218112K, used 205312K [0x00000000e0000000, 0x00000000ee800000, 0x0000000100000000)
  eden space 205312K, 100% used [0x00000000e0000000,0x00000000ec880000,0x00000000ec880000)
  from space 12800K, 0% used [0x00000000edb80000,0x00000000edb80000,0x00000000ee800000)
  to   space 14848K, 0% used [0x00000000ecb00000,0x00000000ecb00000,0x00000000ed980000)
 ParOldGen       total 95744K, used 18560K [0x00000000a0000000, 0x00000000a5d80000, 0x00000000e0000000)
  object space 95744K, 19% used [0x00000000a0000000,0x00000000a1220258,0x00000000a5d80000)
 Metaspace       used 40784K, capacity 41580K, committed 42024K, reserved 1085440K
  class space    used 5334K, capacity 5607K, committed 5672K, reserved 1048576K
Event: 26.806 GC heap after
Heap after GC invocations=9 (full 2):
 PSYoungGen      total 222720K, used 12680K [0x00000000e0000000, 0x00000000f4080000, 0x0000000100000000)
  eden space 207872K, 0% used [0x00000000e0000000,0x00000000e0000000,0x00000000ecb00000)
  from space 14848K, 85% used [0x00000000ecb00000,0x00000000ed762040,0x00000000ed980000)
  to   space 16384K, 0% used [0x00000000f3080000,0x00000000f3080000,0x00000000f4080000)
 ParOldGen       total 95744K, used 18576K [0x00000000a0000000, 0x00000000a5d80000, 0x00000000e0000000)
  object space 95744K, 19% used [0x00000000a0000000,0x00000000a1224258,0x00000000a5d80000)
 Metaspace       used 40784K, capacity 41580K, committed 42024K, reserved 1085440K
  class space    used 5334K, capacity 5607K, committed 5672K, reserved 1048576K
}
Event: 29.247 GC heap before
{Heap before GC invocations=10 (full 2):
 PSYoungGen      total 222720K, used 220552K [0x00000000e0000000, 0x00000000f4080000, 0x0000000100000000)
  eden space 207872K, 100% used [0x00000000e0000000,0x00000000ecb00000,0x00000000ecb00000)
  from space 14848K, 85% used [0x00000000ecb00000,0x00000000ed762040,0x00000000ed980000)
  to   space 16384K, 0% used [0x00000000f3080000,0x00000000f3080000,0x00000000f4080000)
 ParOldGen       total 95744K, used 18576K [0x00000000a0000000, 0x00000000a5d80000, 0x00000000e0000000)
  object space 95744K, 19% used [0x00000000a0000000,0x00000000a1224258,0x00000000a5d80000)
 Metaspace       used 40859K, capacity 41644K, committed 42024K, reserved 1085440K
  class space    used 5334K, capacity 5607K, committed 5672K, reserved 1048576K
Event: 29.257 GC heap after
Heap after GC invocations=10 (full 2):
 PSYoungGen      total 302592K, used 8666K [0x00000000e0000000, 0x00000000f3b00000, 0x0000000100000000)
  eden space 291840K, 0% used [0x00000000e0000000,0x00000000e0000000,0x00000000f1d00000)
  from space 10752K, 80% used [0x00000000f3080000,0x00000000f38f6980,0x00000000f3b00000)
  to   space 15360K, 0% used [0x00000000f1d00000,0x00000000f1d00000,0x00000000f2c00000)
 ParOldGen       total 95744K, used 18648K [0x00000000a0000000, 0x00000000a5d80000, 0x00000000e0000000)
  object space 95744K, 19% used [0x00000000a0000000,0x00000000a1236268,0x00000000a5d80000)
 Metaspace       used 40859K, capacity 41644K, committed 42024K, reserved 1085440K
  class space    used 5334K, capacity 5607K, committed 5672K, reserved 1048576K
}

Deoptimization events (10 events):
Event: 31.324 Thread 0x000000001cdbd800 Uncommon trap: reason=unstable_if action=reinterpret pc=0x0000000005e56788 method=java.util.jar.JarFile$JarFileEntry.getCodeSigners()[Ljava/security/CodeSigner; @ 24
Event: 31.324 Thread 0x000000001cdbd800 Uncommon trap: reason=unstable_if action=reinterpret pc=0x0000000005dec630 method=java.security.CodeSource.<init>(Ljava/net/URL;[Ljava/security/CodeSigner;)V @ 25
Event: 31.325 Thread 0x000000001cdbd800 Uncommon trap: reason=unstable_if action=reinterpret pc=0x0000000005e5785c method=java.security.CodeSource.getCertificates()[Ljava/security/cert/Certificate; @ 22
Event: 31.325 Thread 0x000000001cdbd800 Uncommon trap: reason=unstable_if action=reinterpret pc=0x0000000005e777ec method=java.util.jar.JarFile.getInputStream(Ljava/util/zip/ZipEntry;)Ljava/io/InputStream; @ 21
Event: 31.325 Thread 0x000000001cdbd800 Uncommon trap: reason=speculate_class_check action=maybe_recompile pc=0x0000000005a1516c method=java.lang.StringCoding.encode(Ljava/nio/charset/Charset;[CII)[B @ 91
Event: 31.326 Thread 0x000000001cdbd800 Uncommon trap: reason=unstable_if action=reinterpret pc=0x0000000005e6acac method=java.security.CodeSource.matchCerts(Ljava/security/CodeSource;Z)Z @ 11
Event: 31.326 Thread 0x000000001cdbd800 Uncommon trap: reason=unstable_if action=reinterpret pc=0x000000000573e89c method=java.security.CodeSource.getCertificates()[Ljava/security/cert/Certificate; @ 4
Event: 31.326 Thread 0x000000001cdbd800 Uncommon trap: reason=unstable_if action=reinterpret pc=0x00000000064be09c method=java.security.CodeSource.getCertificates()[Ljava/security/cert/Certificate; @ 4
Event: 31.326 Thread 0x000000001cdbd800 Uncommon trap: reason=unstable_if action=reinterpret pc=0x00000000064be09c method=java.security.CodeSource.getCertificates()[Ljava/security/cert/Certificate; @ 4
Event: 31.453 Thread 0x000000001cdbd800 Uncommon trap: reason=speculate_class_check action=maybe_recompile pc=0x0000000005a1516c method=java.lang.StringCoding.encode(Ljava/nio/charset/Charset;[CII)[B @ 91

Classes redefined (0 events):
No events

Internal exceptions (10 events):
Event: 29.520 Thread 0x000000001cdbd800 Exception <a 'java/lang/ClassNotFoundException': org/gradle/api/DefaultTaskCustomizer> (0x00000000e0b78950) thrown at [D:\src\AOSP-openjdk-cygwin\jdk8u\hotspot\src\share\vm\classfile\systemDictionary.cpp, line 210]
Event: 29.520 Thread 0x000000001cdbd800 Exception <a 'java/lang/ClassNotFoundException': org/gradle/api/internal/ConventionTaskCustomizer> (0x00000000e0bb41e8) thrown at [D:\src\AOSP-openjdk-cygwin\jdk8u\hotspot\src\share\vm\classfile\systemDictionary.cpp, line 210]
Event: 29.521 Thread 0x000000001cdbd800 Exception <a 'java/lang/ClassNotFoundException': org/gradle/api/tasks/DeleteCustomizer> (0x00000000e0bed6a0) thrown at [D:\src\AOSP-openjdk-cygwin\jdk8u\hotspot\src\share\vm\classfile\systemDictionary.cpp, line 210]
Event: 29.522 Thread 0x000000001cdbd800 Exception <a 'java/lang/ClassNotFoundException': org/gradle/api/tasks/Delete_DecoratedCustomizer> (0x00000000e0c347d0) thrown at [D:\src\AOSP-openjdk-cygwin\jdk8u\hotspot\src\share\vm\classfile\systemDictionary.cpp, line 210]
Event: 29.844 Thread 0x000000001cdbd800 Exception <a 'java/lang/ClassNotFoundException': build_2ju9tvze0saeqw3zc98gma0chBeanInfo> (0x00000000e11e7028) thrown at [D:\src\AOSP-openjdk-cygwin\jdk8u\hotspot\src\share\vm\classfile\systemDictionary.cpp, line 210]
Event: 29.845 Thread 0x000000001cdbd800 Exception <a 'java/lang/ClassNotFoundException': build_2ju9tvze0saeqw3zc98gma0chCustomizer> (0x00000000e11f1a48) thrown at [D:\src\AOSP-openjdk-cygwin\jdk8u\hotspot\src\share\vm\classfile\systemDictionary.cpp, line 210]
Event: 30.089 Thread 0x000000001cdbd800 Implicit null exception at 0x0000000005745bd5 to 0x0000000005745ebd
Event: 30.245 Thread 0x000000001cdbd800 Exception <a 'sun/nio/fs/WindowsException'> (0x00000000e1f6af70) thrown at [D:\src\AOSP-openjdk-cygwin\jdk8u\hotspot\src\share\vm\prims\jni.cpp, line 709]
Event: 30.479 Thread 0x000000001cdbd800 Exception <a 'sun/nio/fs/WindowsException'> (0x00000000e2c7fb08) thrown at [D:\src\AOSP-openjdk-cygwin\jdk8u\hotspot\src\share\vm\prims\jni.cpp, line 709]
Event: 31.288 Thread 0x000000001cdbd800 Implicit null exception at 0x0000000005b8b728 to 0x0000000005b8b7b9

Events (10 events):
Event: 31.506 loading class com/android/build/gradle/internal/coverage/JacocoOptions
Event: 31.506 loading class com/android/build/gradle/internal/coverage/JacocoOptions done
Event: 31.506 loading class com/android/build/gradle/internal/dsl/AdbOptions
Event: 31.506 loading class com/android/build/gradle/internal/dsl/AdbOptions done
Event: 31.508 loading class com/android/builder/model/AdbOptions
Event: 31.508 loading class com/android/builder/model/AdbOptions done
Event: 31.512 loading class com/android/build/gradle/internal/dsl/TestOptions
Event: 31.512 loading class com/android/build/gradle/internal/dsl/TestOptions done
Event: 31.514 loading class com/android/builder/testing/api/TestServer
Event: 31.514 loading class com/android/builder/testing/api/TestServer done


Dynamic libraries:
0x00007ff73c380000 - 0x00007ff73c3b1000 	D:\Install\android-studio 3.0\jre\bin\java.exe
0x00007ffbd7f40000 - 0x00007ffbd8120000 	C:\WINDOWS\SYSTEM32\ntdll.dll
0x00007ffbd5e60000 - 0x00007ffbd5f0e000 	C:\WINDOWS\System32\KERNEL32.DLL
0x00007ffbd46e0000 - 0x00007ffbd4946000 	C:\WINDOWS\System32\KERNELBASE.dll
0x00007ffbd6090000 - 0x00007ffbd6131000 	C:\WINDOWS\System32\ADVAPI32.dll
0x00007ffbd56c0000 - 0x00007ffbd575d000 	C:\WINDOWS\System32\msvcrt.dll
0x00007ffbd5660000 - 0x00007ffbd56bb000 	C:\WINDOWS\System32\sechost.dll
0x00007ffbd5f70000 - 0x00007ffbd608f000 	C:\WINDOWS\System32\RPCRT4.dll
0x00007ffbd54d0000 - 0x00007ffbd565f000 	C:\WINDOWS\System32\USER32.dll
0x00007ffbd4a50000 - 0x00007ffbd4a70000 	C:\WINDOWS\System32\win32u.dll
0x00007ffbd54a0000 - 0x00007ffbd54c8000 	C:\WINDOWS\System32\GDI32.dll
0x00007ffbd5270000 - 0x00007ffbd5403000 	C:\WINDOWS\System32\gdi32full.dll
0x00007ffbd49b0000 - 0x00007ffbd4a4b000 	C:\WINDOWS\System32\msvcp_win.dll
0x00007ffbd4340000 - 0x00007ffbd4436000 	C:\WINDOWS\System32\ucrtbase.dll
0x00007ffbc9dd0000 - 0x00007ffbca039000 	C:\WINDOWS\WinSxS\amd64_microsoft.windows.common-controls_6595b64144ccf1df_6.0.16299.371_none_15c7d1789365a290\COMCTL32.dll
0x00007ffbd5890000 - 0x00007ffbd5b98000 	C:\WINDOWS\System32\combase.dll
0x00007ffbd4440000 - 0x00007ffbd44b2000 	C:\WINDOWS\System32\bcryptPrimitives.dll
0x00007ffbd6140000 - 0x00007ffbd616d000 	C:\WINDOWS\System32\IMM32.DLL
0x00000000713d0000 - 0x00000000714a2000 	D:\Install\android-studio 3.0\jre\jre\bin\msvcr100.dll
0x0000000071590000 - 0x0000000071dce000 	D:\Install\android-studio 3.0\jre\jre\bin\server\jvm.dll
0x00007ffbd7bc0000 - 0x00007ffbd7bc8000 	C:\WINDOWS\System32\PSAPI.DLL
0x00007ffbc0be0000 - 0x00007ffbc0be9000 	C:\WINDOWS\SYSTEM32\WSOCK32.dll
0x00007ffbd0540000 - 0x00007ffbd0563000 	C:\WINDOWS\SYSTEM32\WINMM.dll
0x00007ffbce490000 - 0x00007ffbce49a000 	C:\WINDOWS\SYSTEM32\VERSION.dll
0x00007ffbd6170000 - 0x00007ffbd61dc000 	C:\WINDOWS\System32\WS2_32.dll
0x00007ffbd04e0000 - 0x00007ffbd050a000 	C:\WINDOWS\SYSTEM32\winmmbase.dll
0x00007ffbd4690000 - 0x00007ffbd46da000 	C:\WINDOWS\System32\cfgmgr32.dll
0x00007ffbc6b00000 - 0x00007ffbc6b0f000 	D:\Install\android-studio 3.0\jre\jre\bin\verify.dll
0x00007ffbc48e0000 - 0x00007ffbc4909000 	D:\Install\android-studio 3.0\jre\jre\bin\java.dll
0x00007ffbc0ae0000 - 0x00007ffbc0af6000 	D:\Install\android-studio 3.0\jre\jre\bin\zip.dll
0x00007ffbd61e0000 - 0x00007ffbd7616000 	C:\WINDOWS\System32\SHELL32.dll
0x00007ffbd7b10000 - 0x00007ffbd7bb6000 	C:\WINDOWS\System32\shcore.dll
0x00007ffbd4b20000 - 0x00007ffbd5267000 	C:\WINDOWS\System32\windows.storage.dll
0x00007ffbd5830000 - 0x00007ffbd5881000 	C:\WINDOWS\System32\shlwapi.dll
0x00007ffbd4300000 - 0x00007ffbd4311000 	C:\WINDOWS\System32\kernel.appcore.dll
0x00007ffbd4290000 - 0x00007ffbd42dc000 	C:\WINDOWS\System32\powrprof.dll
0x00007ffbd42e0000 - 0x00007ffbd42fb000 	C:\WINDOWS\System32\profapi.dll
0x00007ffbbf5e0000 - 0x00007ffbbf5fa000 	D:\Install\android-studio 3.0\jre\jre\bin\net.dll
0x00007ffbd3b20000 - 0x00007ffbd3b86000 	C:\WINDOWS\system32\mswsock.dll
0x00007ffbbe500000 - 0x00007ffbbe511000 	D:\Install\android-studio 3.0\jre\jre\bin\nio.dll
0x00007ffbbe870000 - 0x00007ffbbe88e000 	C:\Users\Viktor\.gradle\native\25\windows-amd64\native-platform.dll
0x00007ffbc69e0000 - 0x00007ffbc69ed000 	D:\Install\android-studio 3.0\jre\jre\bin\management.dll
0x00007ffbd3ce0000 - 0x00007ffbd3cf7000 	C:\WINDOWS\SYSTEM32\CRYPTSP.dll
0x00007ffbd3720000 - 0x00007ffbd3753000 	C:\WINDOWS\system32\rsaenh.dll
0x00007ffbd3df0000 - 0x00007ffbd3e15000 	C:\WINDOWS\SYSTEM32\bcrypt.dll
0x00007ffbd41c0000 - 0x00007ffbd41e9000 	C:\WINDOWS\SYSTEM32\USERENV.dll
0x00007ffbd3d00000 - 0x00007ffbd3d0b000 	C:\WINDOWS\SYSTEM32\CRYPTBASE.dll
0x00007ffbd38b0000 - 0x00007ffbd38e9000 	C:\WINDOWS\SYSTEM32\IPHLPAPI.DLL
0x00007ffbd5490000 - 0x00007ffbd5498000 	C:\WINDOWS\System32\NSI.dll
0x00007ffbcdd50000 - 0x00007ffbcdd66000 	C:\WINDOWS\SYSTEM32\dhcpcsvc6.DLL
0x00007ffbcf140000 - 0x00007ffbcf15a000 	C:\WINDOWS\SYSTEM32\dhcpcsvc.DLL
0x00007ffbbe070000 - 0x00007ffbbe094000 	D:\Install\android-studio 3.0\jre\jre\bin\sunec.dll
0x00007ffbd38f0000 - 0x00007ffbd39a6000 	C:\WINDOWS\SYSTEM32\DNSAPI.dll
0x00007ffbca8e0000 - 0x00007ffbca8ea000 	C:\Windows\System32\rasadhlp.dll
0x00007ffbcad90000 - 0x00007ffbcae00000 	C:\WINDOWS\System32\fwpuclnt.dll
0x00007ffbc48d0000 - 0x00007ffbc48db000 	D:\Install\android-studio 3.0\jre\jre\bin\sunmscapi.dll
0x00007ffbd44c0000 - 0x00007ffbd468e000 	C:\WINDOWS\System32\CRYPT32.dll
0x00007ffbd4320000 - 0x00007ffbd4332000 	C:\WINDOWS\System32\MSASN1.dll

VM Arguments:
jvm_args: -Xmx1536m -Dfile.encoding=windows-1250 -Duser.country=HU -Duser.language=hu -Duser.variant 
java_command: org.gradle.launcher.daemon.bootstrap.GradleDaemon 4.6
java_class_path (initial): C:\Users\Viktor\.gradle\wrapper\dists\gradle-4.6-all\bcst21l2brirad8k2ben1letg\gradle-4.6\lib\gradle-launcher-4.6.jar
Launcher Type: SUN_STANDARD

Environment Variables:
JAVA_HOME=d:\Program Files (x86)\Java\jdk1.8.0_131\
PATH=D:\Python27\;D:\Python27\Scripts;C:\ProgramData\Oracle\Java\javapath;d:\Program Files\Abev 2006\krtitok;C:\Program Files (x86)\Intel\iCLS Client\;C:\Program Files\Intel\iCLS Client\;C:\Windows\system32;C:\Windows;C:\Windows\System32\Wbem;C:\Windows\System32\WindowsPowerShell\v1.0\;C:\Program Files\Intel\Intel(R) Management Engine Components\DAL;C:\Program Files\Intel\Intel(R) Management Engine Components\IPT;C:\Program Files (x86)\Intel\Intel(R) Management Engine Components\DAL;C:\Program Files (x86)\Intel\Intel(R) Management Engine Components\IPT;C:\Program Files\Intel\WiFi\bin\;C:\Program Files\Common Files\Intel\WirelessCommon\;C:\Program Files (x86)\NVIDIA Corporation\PhysX\Common;C:\WINDOWS\system32;C:\WINDOWS;C:\WINDOWS\System32\Wbem;C:\WINDOWS\System32\WindowsPowerShell\v1.0\;C:\Program Files (x86)\Skype\Phone\;C:\Program Files\Calibre2\;D:\Program Files\nodejs\;d:\Install\Android SDK\platform-tools;c:\Users\Viktor\AppData\Roaming\npm\;d:\Install\apache-maven-3.5.2\\bin;D:\Portable\PuTTY\;C:\Users\Viktor\AppData\Local\Microsoft\WindowsApps;D:\Program Files\Git\cmd;C:\Users\Viktor\AppData\Roaming\npm;C:\Users\Viktor\AppData\Local\atom\bin;D:\Install\atom\bin;%USERPROFILE%\AppData\Local\Microsoft\WindowsApps;
USERNAME=Viktor
OS=Windows_NT
PROCESSOR_IDENTIFIER=Intel64 Family 6 Model 60 Stepping 3, GenuineIntel



---------------  S Y S T E M  ---------------

OS: Windows 10.0 , 64 bit Build 16299 (10.0.16299.15)

CPU:total 8 (initial active 8) (4 cores per cpu, 2 threads per core) family 6 model 60 stepping 3, cmov, cx8, fxsr, mmx, sse, sse2, sse3, ssse3, sse4.1, sse4.2, popcnt, avx, avx2, aes, clmul, erms, lzcnt, ht, tsc, tscinvbit, bmi1, bmi2

Memory: 4k page, physical 8268732k(441768k free), swap 11183672k(4620k free)

vm_info: OpenJDK 64-Bit Server VM (25.152-b01) for windows-amd64 JRE (1.8.0_152-release-915-b01), built by "builder" with MS VC++ 10.0 (VS2010)

time: Mon Apr 16 21:32:40 2018
elapsed time: 31 seconds (0d 0h 0m 31s)

