#
# There is insufficient memory for the Java Runtime Environment to continue.
# Native memory allocation (malloc) failed to allocate 1598816 bytes for Chunk::new
# Possible reasons:
#   The system is out of physical RAM or swap space
#   In 32 bit mode, the process size limit was hit
# Possible solutions:
#   Reduce memory load on the system
#   Increase physical memory or swap space
#   Check if swap backing store is full
#   Use 64 bit Java on a 64 bit OS
#   Decrease Java heap size (-Xmx/-Xms)
#   Decrease number of Java threads
#   Decrease Java thread stack sizes (-Xss)
#   Set larger code cache with -XX:ReservedCodeCacheSize=
# This output file may be truncated or incomplete.
#
#  Out of Memory Error (allocation.cpp:390), pid=12996, tid=0x0000000000000cbc
#
# JRE version: OpenJDK Runtime Environment (8.0_152-b01) (build 1.8.0_152-release-915-b01)
# Java VM: OpenJDK 64-Bit Server VM (25.152-b01 mixed mode windows-amd64 compressed oops)
# Failed to write core dump. Minidumps are not enabled by default on client versions of Windows
#

---------------  T H R E A D  ---------------

Current thread (0x000000001aa53800):  JavaThread "C2 CompilerThread0" daemon [_thread_in_native, id=3260, stack(0x000000001b320000,0x000000001b420000)]

Stack: [0x000000001b320000,0x000000001b420000]
[error occurred during error reporting (printing stack bounds), id 0xc0000005]

Native frames: (J=compiled Java code, j=interpreted, Vv=VM code, C=native code)


Current CompileTask:
C2:   2337 1326       4       java.net.URLClassLoader$1::run (5 bytes)


---------------  P R O C E S S  ---------------

Java Threads: ( => current thread )
  0x000000001ebb6000 JavaThread "Cache worker for file hash cache (D:\Viktor\Projektek\Amplitude\.gradle\4.6\fileHashes)" [_thread_blocked, id=13520, stack(0x000000001f640000,0x000000001f740000)]
  0x000000001cda9800 JavaThread "File lock request listener" [_thread_in_native, id=13652, stack(0x000000001e570000,0x000000001e670000)]
  0x000000001cc77000 JavaThread "Cache worker for file hash cache (C:\Users\Viktor\.gradle\caches\4.6\fileHashes)" [_thread_blocked, id=7520, stack(0x000000001e470000,0x000000001e570000)]
  0x000000001cb7d000 JavaThread "Stdin handler" [_thread_blocked, id=3248, stack(0x000000001e170000,0x000000001e270000)]
  0x000000001cb5d000 JavaThread "Asynchronous log dispatcher for DefaultDaemonConnection: socket connection from /127.0.0.1:52330 to /127.0.0.1:52331" [_thread_blocked, id=1572, stack(0x000000001df70000,0x000000001e070000)]
  0x000000001cc97800 JavaThread "Daemon worker" [_thread_in_native, id=9572, stack(0x000000001de70000,0x000000001df70000)]
  0x000000001cb7f000 JavaThread "Cancel handler" [_thread_blocked, id=11928, stack(0x000000001dd70000,0x000000001de70000)]
  0x000000001cb42000 JavaThread "Handler for socket connection from /127.0.0.1:52330 to /127.0.0.1:52331" [_thread_in_native, id=7220, stack(0x000000001da70000,0x000000001db70000)]
  0x000000001cb3e800 JavaThread "Daemon" [_thread_blocked, id=13456, stack(0x000000001d970000,0x000000001da70000)]
  0x000000001ca48800 JavaThread "Daemon periodic checks" [_thread_blocked, id=7476, stack(0x000000001d870000,0x000000001d970000)]
  0x000000001c9ac000 JavaThread "Incoming local TCP Connector on port 52330" [_thread_in_native, id=13828, stack(0x000000001d630000,0x000000001d730000)]
  0x000000001aa77000 JavaThread "Service Thread" daemon [_thread_blocked, id=7724, stack(0x000000001b720000,0x000000001b820000)]
  0x000000001aa59000 JavaThread "C1 CompilerThread3" daemon [_thread_blocked, id=2804, stack(0x000000001b620000,0x000000001b720000)]
  0x000000001aa5c800 JavaThread "C2 CompilerThread2" daemon [_thread_blocked, id=10412, stack(0x000000001b520000,0x000000001b620000)]
  0x000000001aa5c000 JavaThread "C2 CompilerThread1" daemon [_thread_in_native, id=7696, stack(0x000000001b420000,0x000000001b520000)]
=>0x000000001aa53800 JavaThread "C2 CompilerThread0" daemon [_thread_in_native, id=3260, stack(0x000000001b320000,0x000000001b420000)]
  0x000000001aa4d000 JavaThread "Attach Listener" daemon [_thread_blocked, id=10056, stack(0x000000001b220000,0x000000001b320000)]
  0x000000001aa4c000 JavaThread "Signal Dispatcher" daemon [_thread_blocked, id=7636, stack(0x000000001b120000,0x000000001b220000)]
  0x000000001aa40800 JavaThread "Finalizer" daemon [_thread_blocked, id=14136, stack(0x000000001ae20000,0x000000001af20000)]
  0x0000000018b3b000 JavaThread "Reference Handler" daemon [_thread_blocked, id=11272, stack(0x000000001a920000,0x000000001aa20000)]
  0x0000000004c7e800 JavaThread "main" [_thread_blocked, id=13400, stack(0x0000000004b50000,0x0000000004c50000)]

Other Threads:
  0x0000000018b36800 VMThread [stack: 0x000000001a820000,0x000000001a920000] [id=8508]
  0x000000001aa78000 WatcherThread [stack: 0x000000001b820000,0x000000001b920000] [id=5144]

VM state:not at safepoint (normal execution)

VM Mutex/Monitor currently owned by a thread: None

Heap:
 PSYoungGen      total 71680K, used 7870K [0x00000000e0000000, 0x00000000e4b00000, 0x0000000100000000)
  eden space 66560K, 4% used [0x00000000e0000000,0x00000000e02b7ad8,0x00000000e4100000)
  from space 5120K, 99% used [0x00000000e4600000,0x00000000e4af8040,0x00000000e4b00000)
  to   space 5120K, 0% used [0x00000000e4100000,0x00000000e4100000,0x00000000e4600000)
 ParOldGen       total 87552K, used 5315K [0x00000000a0000000, 0x00000000a5580000, 0x00000000e0000000)
  object space 87552K, 6% used [0x00000000a0000000,0x00000000a0530cf0,0x00000000a5580000)
 Metaspace       used 17607K, capacity 18006K, committed 18304K, reserved 1064960K
  class space    used 2541K, capacity 2669K, committed 2688K, reserved 1048576K

Card table byte_map: [0x0000000014140000,0x0000000014450000] byte_map_base: 0x0000000013c40000

Marking Bits: (ParMarkBitMap*) 0x0000000071d53950
 Begin Bits: [0x0000000014e50000, 0x0000000016650000)
 End Bits:   [0x0000000016650000, 0x0000000017e50000)

Polling page: 0x0000000002e30000

CodeCache: size=245760Kb used=5243Kb max_used=5246Kb free=240516Kb
 bounds [0x0000000004d80000, 0x00000000052b0000, 0x0000000013d80000]
 total_blobs=1929 nmethods=1550 adapters=292
 compilation: enabled

Compilation events (10 events):
Event: 2.332 Thread 0x000000001aa59000 1546       3       org.gradle.cache.internal.btree.BlockPointer::<init> (10 bytes)
Event: 2.332 Thread 0x000000001aa5c800 nmethod 1541 0x00000000052a1350 code [0x00000000052a14a0, 0x00000000052a18c8]
Event: 2.332 Thread 0x000000001aa59000 nmethod 1546 0x000000000529ff90 code [0x00000000052a00e0, 0x00000000052a0290]
Event: 2.332 Thread 0x000000001aa59000 1547       3       org.gradle.cache.internal.btree.BTreePersistentIndexedCache$IndexEntry::<init> (5 bytes)
Event: 2.333 Thread 0x000000001aa59000 nmethod 1547 0x000000000529fb10 code [0x000000000529fc80, 0x000000000529fe90]
Event: 2.333 Thread 0x000000001aa59000 1548       3       org.gradle.cache.internal.btree.BTreePersistentIndexedCache$IndexEntry::<init> (5 bytes)
Event: 2.333 Thread 0x000000001aa59000 nmethod 1548 0x000000000529f750 code [0x000000000529f8a0, 0x000000000529fa50]
Event: 2.333 Thread 0x000000001aa59000 1549       3       sun.security.provider.MD5::II (31 bytes)
Event: 2.334 Thread 0x000000001aa59000 nmethod 1549 0x000000000529f410 code [0x000000000529f560, 0x000000000529f6d0]
Event: 2.334 Thread 0x000000001aa59000 1550       3       java.io.FilterOutputStream::<init> (10 bytes)

GC Heap History (8 events):
Event: 0.693 GC heap before
{Heap before GC invocations=1 (full 0):
 PSYoungGen      total 38400K, used 33280K [0x00000000e0000000, 0x00000000e2a80000, 0x0000000100000000)
  eden space 33280K, 100% used [0x00000000e0000000,0x00000000e2080000,0x00000000e2080000)
  from space 5120K, 0% used [0x00000000e2580000,0x00000000e2580000,0x00000000e2a80000)
  to   space 5120K, 0% used [0x00000000e2080000,0x00000000e2080000,0x00000000e2580000)
 ParOldGen       total 87552K, used 0K [0x00000000a0000000, 0x00000000a5580000, 0x00000000e0000000)
  object space 87552K, 0% used [0x00000000a0000000,0x00000000a0000000,0x00000000a5580000)
 Metaspace       used 6942K, capacity 7064K, committed 7424K, reserved 1056768K
  class space    used 846K, capacity 909K, committed 1024K, reserved 1048576K
Event: 0.699 GC heap after
Heap after GC invocations=1 (full 0):
 PSYoungGen      total 38400K, used 4286K [0x00000000e0000000, 0x00000000e2a80000, 0x0000000100000000)
  eden space 33280K, 0% used [0x00000000e0000000,0x00000000e0000000,0x00000000e2080000)
  from space 5120K, 83% used [0x00000000e2080000,0x00000000e24af908,0x00000000e2580000)
  to   space 5120K, 0% used [0x00000000e2580000,0x00000000e2580000,0x00000000e2a80000)
 ParOldGen       total 87552K, used 8K [0x00000000a0000000, 0x00000000a5580000, 0x00000000e0000000)
  object space 87552K, 0% used [0x00000000a0000000,0x00000000a0002000,0x00000000a5580000)
 Metaspace       used 6942K, capacity 7064K, committed 7424K, reserved 1056768K
  class space    used 846K, capacity 909K, committed 1024K, reserved 1048576K
}
Event: 1.501 GC heap before
{Heap before GC invocations=2 (full 0):
 PSYoungGen      total 38400K, used 37566K [0x00000000e0000000, 0x00000000e2a80000, 0x0000000100000000)
  eden space 33280K, 100% used [0x00000000e0000000,0x00000000e2080000,0x00000000e2080000)
  from space 5120K, 83% used [0x00000000e2080000,0x00000000e24af908,0x00000000e2580000)
  to   space 5120K, 0% used [0x00000000e2580000,0x00000000e2580000,0x00000000e2a80000)
 ParOldGen       total 87552K, used 8K [0x00000000a0000000, 0x00000000a5580000, 0x00000000e0000000)
  object space 87552K, 0% used [0x00000000a0000000,0x00000000a0002018,0x00000000a5580000)
 Metaspace       used 10796K, capacity 11028K, committed 11264K, reserved 1058816K
  class space    used 1417K, capacity 1522K, committed 1536K, reserved 1048576K
Event: 1.507 GC heap after
Heap after GC invocations=2 (full 0):
 PSYoungGen      total 38400K, used 5116K [0x00000000e0000000, 0x00000000e2a80000, 0x0000000100000000)
  eden space 33280K, 0% used [0x00000000e0000000,0x00000000e0000000,0x00000000e2080000)
  from space 5120K, 99% used [0x00000000e2580000,0x00000000e2a7f1d8,0x00000000e2a80000)
  to   space 5120K, 0% used [0x00000000e2080000,0x00000000e2080000,0x00000000e2580000)
 ParOldGen       total 87552K, used 274K [0x00000000a0000000, 0x00000000a5580000, 0x00000000e0000000)
  object space 87552K, 0% used [0x00000000a0000000,0x00000000a0044be8,0x00000000a5580000)
 Metaspace       used 10796K, capacity 11028K, committed 11264K, reserved 1058816K
  class space    used 1417K, capacity 1522K, committed 1536K, reserved 1048576K
}
Event: 1.850 GC heap before
{Heap before GC invocations=3 (full 0):
 PSYoungGen      total 38400K, used 38396K [0x00000000e0000000, 0x00000000e2a80000, 0x0000000100000000)
  eden space 33280K, 100% used [0x00000000e0000000,0x00000000e2080000,0x00000000e2080000)
  from space 5120K, 99% used [0x00000000e2580000,0x00000000e2a7f1d8,0x00000000e2a80000)
  to   space 5120K, 0% used [0x00000000e2080000,0x00000000e2080000,0x00000000e2580000)
 ParOldGen       total 87552K, used 292K [0x00000000a0000000, 0x00000000a5580000, 0x00000000e0000000)
  object space 87552K, 0% used [0x00000000a0000000,0x00000000a0049240,0x00000000a5580000)
 Metaspace       used 14041K, capacity 14334K, committed 14464K, reserved 1060864K
  class space    used 1964K, capacity 2089K, committed 2176K, reserved 1048576K
Event: 1.856 GC heap after
Heap after GC invocations=3 (full 0):
 PSYoungGen      total 38400K, used 5117K [0x00000000e0000000, 0x00000000e4b00000, 0x0000000100000000)
  eden space 33280K, 0% used [0x00000000e0000000,0x00000000e0000000,0x00000000e2080000)
  from space 5120K, 99% used [0x00000000e2080000,0x00000000e257f5d0,0x00000000e2580000)
  to   space 5120K, 0% used [0x00000000e4600000,0x00000000e4600000,0x00000000e4b00000)
 ParOldGen       total 87552K, used 2144K [0x00000000a0000000, 0x00000000a5580000, 0x00000000e0000000)
  object space 87552K, 2% used [0x00000000a0000000,0x00000000a0218360,0x00000000a5580000)
 Metaspace       used 14041K, capacity 14334K, committed 14464K, reserved 1060864K
  class space    used 1964K, capacity 2089K, committed 2176K, reserved 1048576K
}
Event: 2.263 GC heap before
{Heap before GC invocations=4 (full 0):
 PSYoungGen      total 38400K, used 38397K [0x00000000e0000000, 0x00000000e4b00000, 0x0000000100000000)
  eden space 33280K, 100% used [0x00000000e0000000,0x00000000e2080000,0x00000000e2080000)
  from space 5120K, 99% used [0x00000000e2080000,0x00000000e257f5d0,0x00000000e2580000)
  to   space 5120K, 0% used [0x00000000e4600000,0x00000000e4600000,0x00000000e4b00000)
 ParOldGen       total 87552K, used 2144K [0x00000000a0000000, 0x00000000a5580000, 0x00000000e0000000)
  object space 87552K, 2% used [0x00000000a0000000,0x00000000a0218360,0x00000000a5580000)
 Metaspace       used 17284K, capacity 17622K, committed 17792K, reserved 1064960K
  class space    used 2499K, capacity 2605K, committed 2688K, reserved 1048576K
Event: 2.276 GC heap after
Heap after GC invocations=4 (full 0):
 PSYoungGen      total 71680K, used 5088K [0x00000000e0000000, 0x00000000e4b00000, 0x0000000100000000)
  eden space 66560K, 0% used [0x00000000e0000000,0x00000000e0000000,0x00000000e4100000)
  from space 5120K, 99% used [0x00000000e4600000,0x00000000e4af8040,0x00000000e4b00000)
  to   space 5120K, 0% used [0x00000000e4100000,0x00000000e4100000,0x00000000e4600000)
 ParOldGen       total 87552K, used 5315K [0x00000000a0000000, 0x00000000a5580000, 0x00000000e0000000)
  object space 87552K, 6% used [0x00000000a0000000,0x00000000a0530cf0,0x00000000a5580000)
 Metaspace       used 17284K, capacity 17622K, committed 17792K, reserved 1064960K
  class space    used 2499K, capacity 2605K, committed 2688K, reserved 1048576K
}

Deoptimization events (10 events):
Event: 1.616 Thread 0x000000001cc97800 Uncommon trap: reason=bimorphic action=maybe_recompile pc=0x00000000050be36c method=java.util.HashMap.putVal(ILjava/lang/Object;Ljava/lang/Object;ZZ)Ljava/lang/Object; @ 253
Event: 1.789 Thread 0x000000001cc97800 Uncommon trap: reason=class_check action=maybe_recompile pc=0x0000000005022a84 method=java.util.regex.Matcher.match(II)Z @ 86
Event: 1.790 Thread 0x000000001cc97800 Uncommon trap: reason=class_check action=maybe_recompile pc=0x0000000005022a84 method=java.util.regex.Matcher.match(II)Z @ 86
Event: 1.836 Thread 0x000000001cc97800 Uncommon trap: reason=class_check action=maybe_recompile pc=0x0000000004ff645c method=java.util.regex.Matcher.match(II)Z @ 86
Event: 1.882 Thread 0x000000001cc97800 Uncommon trap: reason=unstable_if action=reinterpret pc=0x00000000051e1ff4 method=java.lang.String.lastIndexOf([CII[CIII)I @ 66
Event: 2.129 Thread 0x000000001cc97800 Uncommon trap: reason=unstable_if action=reinterpret pc=0x0000000004ed3308 method=java.net.URI.match(CJJ)Z @ 19
Event: 2.129 Thread 0x000000001cc97800 Uncommon trap: reason=unstable_if action=reinterpret pc=0x0000000004fb3e00 method=java.net.URI.match(CJJ)Z @ 19
Event: 2.171 Thread 0x000000001cc97800 Uncommon trap: reason=unstable_if action=reinterpret pc=0x000000000501fd98 method=java.io.File.getName()Ljava/lang/String; @ 16
Event: 2.323 Thread 0x000000001cc97800 Uncommon trap: reason=unstable_if action=reinterpret pc=0x0000000005050108 method=java.lang.AbstractStringBuilder.append(Ljava/lang/String;)Ljava/lang/AbstractStringBuilder; @ 1
Event: 2.323 Thread 0x000000001cc97800 Uncommon trap: reason=unstable_if action=reinterpret pc=0x0000000004f94330 method=java.lang.AbstractStringBuilder.append(Ljava/lang/String;)Ljava/lang/AbstractStringBuilder; @ 1

Classes redefined (0 events):
No events

Internal exceptions (10 events):
Event: 1.580 Thread 0x000000001cb42000 Exception <a 'java/lang/NoSuchMethodError': <clinit>> (0x00000000e0490d50) thrown at [D:\src\AOSP-openjdk-cygwin\jdk8u\hotspot\src\share\vm\prims\jni.cpp, line 1613]
Event: 1.583 Thread 0x000000001cb42000 Exception <a 'java/lang/NoSuchMethodError': <clinit>> (0x00000000e04b56e0) thrown at [D:\src\AOSP-openjdk-cygwin\jdk8u\hotspot\src\share\vm\prims\jni.cpp, line 1613]
Event: 1.606 Thread 0x000000001cc97800 Exception <a 'java/lang/NoSuchMethodError': <clinit>> (0x00000000e05d00b0) thrown at [D:\src\AOSP-openjdk-cygwin\jdk8u\hotspot\src\share\vm\prims\jni.cpp, line 1613]
Event: 1.606 Thread 0x000000001cc97800 Exception <a 'java/lang/NoSuchMethodError': <clinit>> (0x00000000e05d84c8) thrown at [D:\src\AOSP-openjdk-cygwin\jdk8u\hotspot\src\share\vm\prims\jni.cpp, line 1613]
Event: 2.193 Thread 0x000000001cc97800 Exception <a 'java/lang/NoSuchMethodError': <clinit>> (0x00000000e1b47128) thrown at [D:\src\AOSP-openjdk-cygwin\jdk8u\hotspot\src\share\vm\prims\jni.cpp, line 1613]
Event: 2.193 Thread 0x000000001cc97800 Exception <a 'java/lang/NoSuchMethodError': <clinit>> (0x00000000e1b49ac8) thrown at [D:\src\AOSP-openjdk-cygwin\jdk8u\hotspot\src\share\vm\prims\jni.cpp, line 1613]
Event: 2.194 Thread 0x000000001cc97800 Exception <a 'java/lang/NoSuchMethodError': <clinit>> (0x00000000e1b570b8) thrown at [D:\src\AOSP-openjdk-cygwin\jdk8u\hotspot\src\share\vm\prims\jni.cpp, line 1613]
Event: 2.194 Thread 0x000000001cc97800 Exception <a 'java/lang/NoSuchMethodError': <clinit>> (0x00000000e1b62838) thrown at [D:\src\AOSP-openjdk-cygwin\jdk8u\hotspot\src\share\vm\prims\jni.cpp, line 1613]
Event: 2.323 Thread 0x000000001cc97800 Implicit null exception at 0x000000000504fd56 to 0x00000000050500f1
Event: 2.323 Thread 0x000000001cc97800 Implicit null exception at 0x0000000004f93f59 to 0x0000000004f94319

Events (10 events):
Event: 2.329 loading class sun/util/resources/en/CurrencyNames_en_US
Event: 2.329 loading class sun/util/resources/en/CurrencyNames_en_US done
Event: 2.333 loading class org/gradle/internal/classloader/ConfigurableClassLoaderHierarchyHasher$Visitor
Event: 2.333 loading class org/gradle/internal/classloader/ConfigurableClassLoaderHierarchyHasher$Visitor done
Event: 2.333 loading class org/gradle/groovy/scripts/internal/RemappingScriptSource
Event: 2.333 loading class org/gradle/groovy/scripts/internal/RemappingScriptSource done
Event: 2.334 loading class org/gradle/groovy/scripts/internal/FileCacheBackedScriptClassCompiler$ProgressReportingInitializer
Event: 2.334 loading class org/gradle/groovy/scripts/internal/FileCacheBackedScriptClassCompiler$ProgressReportingInitializer done
Event: 2.334 loading class org/gradle/groovy/scripts/internal/FileCacheBackedScriptClassCompiler$RemapBuildScriptsAction
Event: 2.334 loading class org/gradle/groovy/scripts/internal/FileCacheBackedScriptClassCompiler$RemapBuildScriptsAction done


Dynamic libraries:
0x00007ff73c380000 - 0x00007ff73c3b1000 	D:\Install\android-studio 3.0\jre\bin\java.exe
0x00007ffbd7f40000 - 0x00007ffbd8120000 	C:\WINDOWS\SYSTEM32\ntdll.dll
0x00007ffbd5e60000 - 0x00007ffbd5f0e000 	C:\WINDOWS\System32\KERNEL32.DLL
0x00007ffbd46e0000 - 0x00007ffbd4946000 	C:\WINDOWS\System32\KERNELBASE.dll
0x00007ffbd6090000 - 0x00007ffbd6131000 	C:\WINDOWS\System32\ADVAPI32.dll
0x00007ffbd56c0000 - 0x00007ffbd575d000 	C:\WINDOWS\System32\msvcrt.dll
0x00007ffbd5660000 - 0x00007ffbd56bb000 	C:\WINDOWS\System32\sechost.dll
0x00007ffbd5f70000 - 0x00007ffbd608f000 	C:\WINDOWS\System32\RPCRT4.dll
0x00007ffbd54d0000 - 0x00007ffbd565f000 	C:\WINDOWS\System32\USER32.dll
0x00007ffbd4a50000 - 0x00007ffbd4a70000 	C:\WINDOWS\System32\win32u.dll
0x00007ffbd54a0000 - 0x00007ffbd54c8000 	C:\WINDOWS\System32\GDI32.dll
0x00007ffbd5270000 - 0x00007ffbd5403000 	C:\WINDOWS\System32\gdi32full.dll
0x00007ffbd49b0000 - 0x00007ffbd4a4b000 	C:\WINDOWS\System32\msvcp_win.dll
0x00007ffbd4340000 - 0x00007ffbd4436000 	C:\WINDOWS\System32\ucrtbase.dll
0x00007ffbc9dd0000 - 0x00007ffbca039000 	C:\WINDOWS\WinSxS\amd64_microsoft.windows.common-controls_6595b64144ccf1df_6.0.16299.371_none_15c7d1789365a290\COMCTL32.dll
0x00007ffbd5890000 - 0x00007ffbd5b98000 	C:\WINDOWS\System32\combase.dll
0x00007ffbd4440000 - 0x00007ffbd44b2000 	C:\WINDOWS\System32\bcryptPrimitives.dll
0x00007ffbd6140000 - 0x00007ffbd616d000 	C:\WINDOWS\System32\IMM32.DLL
0x00000000713d0000 - 0x00000000714a2000 	D:\Install\android-studio 3.0\jre\jre\bin\msvcr100.dll
0x0000000071590000 - 0x0000000071dce000 	D:\Install\android-studio 3.0\jre\jre\bin\server\jvm.dll
0x00007ffbd7bc0000 - 0x00007ffbd7bc8000 	C:\WINDOWS\System32\PSAPI.DLL
0x00007ffbce490000 - 0x00007ffbce49a000 	C:\WINDOWS\SYSTEM32\VERSION.dll
0x00007ffbc0be0000 - 0x00007ffbc0be9000 	C:\WINDOWS\SYSTEM32\WSOCK32.dll
0x00007ffbd0540000 - 0x00007ffbd0563000 	C:\WINDOWS\SYSTEM32\WINMM.dll
0x00007ffbd6170000 - 0x00007ffbd61dc000 	C:\WINDOWS\System32\WS2_32.dll
0x00007ffbd04e0000 - 0x00007ffbd050a000 	C:\WINDOWS\SYSTEM32\winmmbase.dll
0x00007ffbd4690000 - 0x00007ffbd46da000 	C:\WINDOWS\System32\cfgmgr32.dll
0x00007ffbc6b00000 - 0x00007ffbc6b0f000 	D:\Install\android-studio 3.0\jre\jre\bin\verify.dll
0x00007ffbc48e0000 - 0x00007ffbc4909000 	D:\Install\android-studio 3.0\jre\jre\bin\java.dll
0x00007ffbc0ae0000 - 0x00007ffbc0af6000 	D:\Install\android-studio 3.0\jre\jre\bin\zip.dll
0x00007ffbd61e0000 - 0x00007ffbd7616000 	C:\WINDOWS\System32\SHELL32.dll
0x00007ffbd7b10000 - 0x00007ffbd7bb6000 	C:\WINDOWS\System32\shcore.dll
0x00007ffbd4b20000 - 0x00007ffbd5267000 	C:\WINDOWS\System32\windows.storage.dll
0x00007ffbd5830000 - 0x00007ffbd5881000 	C:\WINDOWS\System32\shlwapi.dll
0x00007ffbd4300000 - 0x00007ffbd4311000 	C:\WINDOWS\System32\kernel.appcore.dll
0x00007ffbd4290000 - 0x00007ffbd42dc000 	C:\WINDOWS\System32\powrprof.dll
0x00007ffbd42e0000 - 0x00007ffbd42fb000 	C:\WINDOWS\System32\profapi.dll
0x00007ffbbf5e0000 - 0x00007ffbbf5fa000 	D:\Install\android-studio 3.0\jre\jre\bin\net.dll
0x00007ffbd3b20000 - 0x00007ffbd3b86000 	C:\WINDOWS\system32\mswsock.dll
0x00007ffbbe500000 - 0x00007ffbbe511000 	D:\Install\android-studio 3.0\jre\jre\bin\nio.dll
0x00007ffbbe870000 - 0x00007ffbbe88e000 	C:\Users\Viktor\.gradle\native\25\windows-amd64\native-platform.dll
0x00007ffbc69e0000 - 0x00007ffbc69ed000 	D:\Install\android-studio 3.0\jre\jre\bin\management.dll
0x00007ffbd3ce0000 - 0x00007ffbd3cf7000 	C:\WINDOWS\SYSTEM32\CRYPTSP.dll
0x00007ffbd3720000 - 0x00007ffbd3753000 	C:\WINDOWS\system32\rsaenh.dll
0x00007ffbd3df0000 - 0x00007ffbd3e15000 	C:\WINDOWS\SYSTEM32\bcrypt.dll
0x00007ffbd41c0000 - 0x00007ffbd41e9000 	C:\WINDOWS\SYSTEM32\USERENV.dll
0x00007ffbd3d00000 - 0x00007ffbd3d0b000 	C:\WINDOWS\SYSTEM32\CRYPTBASE.dll
0x00007ffbd38b0000 - 0x00007ffbd38e9000 	C:\WINDOWS\SYSTEM32\IPHLPAPI.DLL
0x00007ffbd5490000 - 0x00007ffbd5498000 	C:\WINDOWS\System32\NSI.dll
0x00007ffbcdd50000 - 0x00007ffbcdd66000 	C:\WINDOWS\SYSTEM32\dhcpcsvc6.DLL
0x00007ffbcf140000 - 0x00007ffbcf15a000 	C:\WINDOWS\SYSTEM32\dhcpcsvc.DLL

VM Arguments:
jvm_args: -Xmx1536m -Dfile.encoding=windows-1250 -Duser.country=HU -Duser.language=hu -Duser.variant 
java_command: org.gradle.launcher.daemon.bootstrap.GradleDaemon 4.6
java_class_path (initial): C:\Users\Viktor\.gradle\wrapper\dists\gradle-4.6-all\bcst21l2brirad8k2ben1letg\gradle-4.6\lib\gradle-launcher-4.6.jar
Launcher Type: SUN_STANDARD

Environment Variables:
JAVA_HOME=d:\Program Files (x86)\Java\jdk1.8.0_131\
PATH=D:\Python27\;D:\Python27\Scripts;C:\ProgramData\Oracle\Java\javapath;d:\Program Files\Abev 2006\krtitok;C:\Program Files (x86)\Intel\iCLS Client\;C:\Program Files\Intel\iCLS Client\;C:\Windows\system32;C:\Windows;C:\Windows\System32\Wbem;C:\Windows\System32\WindowsPowerShell\v1.0\;C:\Program Files\Intel\Intel(R) Management Engine Components\DAL;C:\Program Files\Intel\Intel(R) Management Engine Components\IPT;C:\Program Files (x86)\Intel\Intel(R) Management Engine Components\DAL;C:\Program Files (x86)\Intel\Intel(R) Management Engine Components\IPT;C:\Program Files\Intel\WiFi\bin\;C:\Program Files\Common Files\Intel\WirelessCommon\;C:\Program Files (x86)\NVIDIA Corporation\PhysX\Common;C:\WINDOWS\system32;C:\WINDOWS;C:\WINDOWS\System32\Wbem;C:\WINDOWS\System32\WindowsPowerShell\v1.0\;C:\Program Files (x86)\Skype\Phone\;C:\Program Files\Calibre2\;D:\Program Files\nodejs\;d:\Install\Android SDK\platform-tools;c:\Users\Viktor\AppData\Roaming\npm\;d:\Install\apache-maven-3.5.2\\bin;D:\Portable\PuTTY\;C:\Users\Viktor\AppData\Local\Microsoft\WindowsApps;D:\Program Files\Git\cmd;C:\Users\Viktor\AppData\Roaming\npm;C:\Users\Viktor\AppData\Local\atom\bin;D:\Install\atom\bin;%USERPROFILE%\AppData\Local\Microsoft\WindowsApps;
USERNAME=Viktor
OS=Windows_NT
PROCESSOR_IDENTIFIER=Intel64 Family 6 Model 60 Stepping 3, GenuineIntel



---------------  S Y S T E M  ---------------

OS: Windows 10.0 , 64 bit Build 16299 (10.0.16299.15)

CPU:total 8 (initial active 8) (4 cores per cpu, 2 threads per core) family 6 model 60 stepping 3, cmov, cx8, fxsr, mmx, sse, sse2, sse3, ssse3, sse4.1, sse4.2, popcnt, avx, avx2, aes, clmul, erms, lzcnt, ht, tsc, tscinvbit, bmi1, bmi2

Memory: 4k page, physical 8268732k(709036k free), swap 11183672k(5008k free)

vm_info: OpenJDK 64-Bit Server VM (25.152-b01) for windows-amd64 JRE (1.8.0_152-release-915-b01), built by "builder" with MS VC++ 10.0 (VS2010)

time: Mon Apr 16 21:45:54 2018
elapsed time: 2 seconds (0d 0h 0m 2s)

