#
# There is insufficient memory for the Java Runtime Environment to continue.
# Native memory allocation (malloc) failed to allocate 2282416 bytes for Chunk::new
# Possible reasons:
#   The system is out of physical RAM or swap space
#   In 32 bit mode, the process size limit was hit
# Possible solutions:
#   Reduce memory load on the system
#   Increase physical memory or swap space
#   Check if swap backing store is full
#   Use 64 bit Java on a 64 bit OS
#   Decrease Java heap size (-Xmx/-Xms)
#   Decrease number of Java threads
#   Decrease Java thread stack sizes (-Xss)
#   Set larger code cache with -XX:ReservedCodeCacheSize=
# This output file may be truncated or incomplete.
#
#  Out of Memory Error (allocation.cpp:390), pid=13532, tid=0x00000000000009e0
#
# JRE version: OpenJDK Runtime Environment (8.0_152-b01) (build 1.8.0_152-release-915-b01)
# Java VM: OpenJDK 64-Bit Server VM (25.152-b01 mixed mode windows-amd64 compressed oops)
# Failed to write core dump. Minidumps are not enabled by default on client versions of Windows
#

---------------  T H R E A D  ---------------

Current thread (0x000000001a650800):  JavaThread "C2 CompilerThread2" daemon [_thread_in_native, id=2528, stack(0x000000001b120000,0x000000001b220000)]

Stack: [0x000000001b120000,0x000000001b220000]
[error occurred during error reporting (printing stack bounds), id 0xc0000005]

Native frames: (J=compiled Java code, j=interpreted, Vv=VM code, C=native code)


Current CompileTask:
C2:   2242 1323       4       java.net.URLClassLoader$1::run (5 bytes)


---------------  P R O C E S S  ---------------

Java Threads: ( => current thread )
  0x000000001e814800 JavaThread "Cache worker for file hash cache (D:\Viktor\Projektek\Amplitude\.gradle\4.6\fileHashes)" [_thread_blocked, id=5428, stack(0x000000001f240000,0x000000001f340000)]
  0x000000001c76e000 JavaThread "File lock request listener" [_thread_in_native, id=9108, stack(0x000000001e170000,0x000000001e270000)]
  0x000000001c9c4800 JavaThread "Cache worker for file hash cache (C:\Users\Viktor\.gradle\caches\4.6\fileHashes)" [_thread_blocked, id=11372, stack(0x000000001de70000,0x000000001df70000)]
  0x000000001c5d1000 JavaThread "Stdin handler" [_thread_blocked, id=13420, stack(0x000000001dd70000,0x000000001de70000)]
  0x000000001c5d9000 JavaThread "Asynchronous log dispatcher for DefaultDaemonConnection: socket connection from /127.0.0.1:52373 to /127.0.0.1:52374" [_thread_blocked, id=9524, stack(0x000000001db70000,0x000000001dc70000)]
  0x000000001c5d7000 JavaThread "Daemon worker" [_thread_blocked, id=5576, stack(0x000000001da70000,0x000000001db70000)]
  0x000000001c8a4000 JavaThread "Cancel handler" [_thread_blocked, id=6704, stack(0x000000001d970000,0x000000001da70000)]
  0x000000001c5bf000 JavaThread "Handler for socket connection from /127.0.0.1:52373 to /127.0.0.1:52374" [_thread_in_native, id=5924, stack(0x000000001d670000,0x000000001d770000)]
  0x000000001c5be800 JavaThread "Daemon" [_thread_blocked, id=6800, stack(0x000000001d570000,0x000000001d670000)]
  0x000000001c878000 JavaThread "Daemon periodic checks" [_thread_blocked, id=11432, stack(0x000000001d470000,0x000000001d570000)]
  0x000000001c87d800 JavaThread "Incoming local TCP Connector on port 52373" [_thread_in_native, id=8708, stack(0x000000001d230000,0x000000001d330000)]
  0x000000001a6ff800 JavaThread "Service Thread" daemon [_thread_blocked, id=5436, stack(0x000000001b320000,0x000000001b420000)]
  0x000000001871a000 JavaThread "C1 CompilerThread3" daemon [_thread_blocked, id=4316, stack(0x000000001b220000,0x000000001b320000)]
=>0x000000001a650800 JavaThread "C2 CompilerThread2" daemon [_thread_in_native, id=2528, stack(0x000000001b120000,0x000000001b220000)]
  0x000000001a64e000 JavaThread "C2 CompilerThread1" daemon [_thread_in_native, id=7964, stack(0x000000001b020000,0x000000001b120000)]
  0x000000001a64b000 JavaThread "C2 CompilerThread0" daemon [_thread_blocked, id=12764, stack(0x000000001af20000,0x000000001b020000)]
  0x000000001a649000 JavaThread "Attach Listener" daemon [_thread_blocked, id=4996, stack(0x000000001ae20000,0x000000001af20000)]
  0x000000001a647800 JavaThread "Signal Dispatcher" daemon [_thread_blocked, id=5100, stack(0x000000001ad20000,0x000000001ae20000)]
  0x000000001a641800 JavaThread "Finalizer" daemon [_thread_blocked, id=3988, stack(0x000000001aa20000,0x000000001ab20000)]
  0x00000000048b9000 JavaThread "Reference Handler" daemon [_thread_blocked, id=9928, stack(0x000000001a520000,0x000000001a620000)]
  0x000000000494e800 JavaThread "main" [_thread_blocked, id=8120, stack(0x0000000004670000,0x0000000004770000)]

Other Threads:
  0x0000000018707000 VMThread [stack: 0x000000001a420000,0x000000001a520000] [id=6536]
  0x000000001a67c800 WatcherThread [stack: 0x000000001b420000,0x000000001b520000] [id=12048]

VM state:at safepoint (normal execution)

VM Mutex/Monitor currently owned by a thread:  ([mutex/lock_event])
[0x000000000494d680] Threads_lock - owner thread: 0x0000000018707000
[0x000000000494cf80] Heap_lock - owner thread: 0x000000001c9c4800

Heap:
 PSYoungGen      total 38400K, used 38397K [0x00000000e0000000, 0x00000000e4b00000, 0x0000000100000000)
  eden space 33280K, 100% used [0x00000000e0000000,0x00000000e2080000,0x00000000e2080000)
  from space 5120K, 99% used [0x00000000e2080000,0x00000000e257f5b0,0x00000000e2580000)
  to   space 5120K, 33% used [0x00000000e4600000,0x00000000e47b0020,0x00000000e4b00000)
 ParOldGen       total 87552K, used 2133K [0x00000000a0000000, 0x00000000a5580000, 0x00000000e0000000)
  object space 87552K, 2% used [0x00000000a0000000,0x00000000a02157e0,0x00000000a5580000)
 Metaspace       used 17274K, capacity 17654K, committed 17792K, reserved 1064960K
  class space    used 2500K, capacity 2637K, committed 2688K, reserved 1048576K

Card table byte_map: [0x0000000013d10000,0x0000000014020000] byte_map_base: 0x0000000013810000

Marking Bits: (ParMarkBitMap*) 0x0000000071d53950
 Begin Bits: [0x0000000014a20000, 0x0000000016220000)
 End Bits:   [0x0000000016220000, 0x0000000017a20000)

Polling page: 0x0000000002a30000

CodeCache: size=245760Kb used=5158Kb max_used=5169Kb free=240601Kb
 bounds [0x0000000004950000, 0x0000000004e60000, 0x0000000013950000]
 total_blobs=1893 nmethods=1514 adapters=292
 compilation: enabled

Compilation events (10 events):
Event: 2.215 Thread 0x000000001871a000 nmethod 1513 0x0000000004e59710 code [0x0000000004e59860, 0x0000000004e59a30]
Event: 2.215 Thread 0x000000001871a000 1515       1       sun.reflect.generics.repository.AbstractRepository::getFactory (5 bytes)
Event: 2.216 Thread 0x000000001871a000 nmethod 1515 0x0000000004e59a90 code [0x0000000004e59be0, 0x0000000004e59cf0]
Event: 2.216 Thread 0x000000001871a000 1514       3       java.lang.reflect.Method::getGenericReturnType (20 bytes)
Event: 2.216 Thread 0x000000001871a000 nmethod 1514 0x0000000004e59d50 code [0x0000000004e59f40, 0x0000000004e5a938]
Event: 2.221 Thread 0x000000001871a000 1516       3       org.gradle.internal.service.DefaultServiceRegistry$SingletonService::<init> (26 bytes)
Event: 2.221 Thread 0x000000001871a000 nmethod 1516 0x0000000004e5af90 code [0x0000000004e5b140, 0x0000000004e5b7a8]
Event: 2.221 Thread 0x000000001871a000 1517       3       org.gradle.internal.service.DefaultServiceRegistry$ManagedObjectServiceProvider::<init> (21 bytes)
Event: 2.222 Thread 0x000000001871a000 nmethod 1517 0x0000000004e5bb90 code [0x0000000004e5bd20, 0x0000000004e5c230]
Event: 2.239 Thread 0x000000001a64b000 1518       4       java.security.CodeSource::getCertificates (98 bytes)

GC Heap History (6 events):
Event: 0.686 GC heap before
{Heap before GC invocations=1 (full 0):
 PSYoungGen      total 38400K, used 33280K [0x00000000e0000000, 0x00000000e2a80000, 0x0000000100000000)
  eden space 33280K, 100% used [0x00000000e0000000,0x00000000e2080000,0x00000000e2080000)
  from space 5120K, 0% used [0x00000000e2580000,0x00000000e2580000,0x00000000e2a80000)
  to   space 5120K, 0% used [0x00000000e2080000,0x00000000e2080000,0x00000000e2580000)
 ParOldGen       total 87552K, used 0K [0x00000000a0000000, 0x00000000a5580000, 0x00000000e0000000)
  object space 87552K, 0% used [0x00000000a0000000,0x00000000a0000000,0x00000000a5580000)
 Metaspace       used 6955K, capacity 7064K, committed 7424K, reserved 1056768K
  class space    used 845K, capacity 909K, committed 1024K, reserved 1048576K
Event: 0.691 GC heap after
Heap after GC invocations=1 (full 0):
 PSYoungGen      total 38400K, used 4304K [0x00000000e0000000, 0x00000000e2a80000, 0x0000000100000000)
  eden space 33280K, 0% used [0x00000000e0000000,0x00000000e0000000,0x00000000e2080000)
  from space 5120K, 84% used [0x00000000e2080000,0x00000000e24b41a0,0x00000000e2580000)
  to   space 5120K, 0% used [0x00000000e2580000,0x00000000e2580000,0x00000000e2a80000)
 ParOldGen       total 87552K, used 8K [0x00000000a0000000, 0x00000000a5580000, 0x00000000e0000000)
  object space 87552K, 0% used [0x00000000a0000000,0x00000000a0002000,0x00000000a5580000)
 Metaspace       used 6955K, capacity 7064K, committed 7424K, reserved 1056768K
  class space    used 845K, capacity 909K, committed 1024K, reserved 1048576K
}
Event: 1.534 GC heap before
{Heap before GC invocations=2 (full 0):
 PSYoungGen      total 38400K, used 37584K [0x00000000e0000000, 0x00000000e2a80000, 0x0000000100000000)
  eden space 33280K, 100% used [0x00000000e0000000,0x00000000e2080000,0x00000000e2080000)
  from space 5120K, 84% used [0x00000000e2080000,0x00000000e24b41a0,0x00000000e2580000)
  to   space 5120K, 0% used [0x00000000e2580000,0x00000000e2580000,0x00000000e2a80000)
 ParOldGen       total 87552K, used 8K [0x00000000a0000000, 0x00000000a5580000, 0x00000000e0000000)
  object space 87552K, 0% used [0x00000000a0000000,0x00000000a0002000,0x00000000a5580000)
 Metaspace       used 10805K, capacity 11028K, committed 11264K, reserved 1058816K
  class space    used 1416K, capacity 1522K, committed 1536K, reserved 1048576K
Event: 1.540 GC heap after
Heap after GC invocations=2 (full 0):
 PSYoungGen      total 38400K, used 5116K [0x00000000e0000000, 0x00000000e2a80000, 0x0000000100000000)
  eden space 33280K, 0% used [0x00000000e0000000,0x00000000e0000000,0x00000000e2080000)
  from space 5120K, 99% used [0x00000000e2580000,0x00000000e2a7f1f8,0x00000000e2a80000)
  to   space 5120K, 0% used [0x00000000e2080000,0x00000000e2080000,0x00000000e2580000)
 ParOldGen       total 87552K, used 262K [0x00000000a0000000, 0x00000000a5580000, 0x00000000e0000000)
  object space 87552K, 0% used [0x00000000a0000000,0x00000000a00418b0,0x00000000a5580000)
 Metaspace       used 10805K, capacity 11028K, committed 11264K, reserved 1058816K
  class space    used 1416K, capacity 1522K, committed 1536K, reserved 1048576K
}
Event: 1.819 GC heap before
{Heap before GC invocations=3 (full 0):
 PSYoungGen      total 38400K, used 38396K [0x00000000e0000000, 0x00000000e2a80000, 0x0000000100000000)
  eden space 33280K, 100% used [0x00000000e0000000,0x00000000e2080000,0x00000000e2080000)
  from space 5120K, 99% used [0x00000000e2580000,0x00000000e2a7f1f8,0x00000000e2a80000)
  to   space 5120K, 0% used [0x00000000e2080000,0x00000000e2080000,0x00000000e2580000)
 ParOldGen       total 87552K, used 262K [0x00000000a0000000, 0x00000000a5580000, 0x00000000e0000000)
  object space 87552K, 0% used [0x00000000a0000000,0x00000000a00418b0,0x00000000a5580000)
 Metaspace       used 14023K, capacity 14270K, committed 14464K, reserved 1060864K
  class space    used 1963K, capacity 2089K, committed 2176K, reserved 1048576K
Event: 1.826 GC heap after
Heap after GC invocations=3 (full 0):
 PSYoungGen      total 38400K, used 5117K [0x00000000e0000000, 0x00000000e4b00000, 0x0000000100000000)
  eden space 33280K, 0% used [0x00000000e0000000,0x00000000e0000000,0x00000000e2080000)
  from space 5120K, 99% used [0x00000000e2080000,0x00000000e257f5b0,0x00000000e2580000)
  to   space 5120K, 0% used [0x00000000e4600000,0x00000000e4600000,0x00000000e4b00000)
 ParOldGen       total 87552K, used 2133K [0x00000000a0000000, 0x00000000a5580000, 0x00000000e0000000)
  object space 87552K, 2% used [0x00000000a0000000,0x00000000a02157e0,0x00000000a5580000)
 Metaspace       used 14023K, capacity 14270K, committed 14464K, reserved 1060864K
  class space    used 1963K, capacity 2089K, committed 2176K, reserved 1048576K
}

Deoptimization events (10 events):
Event: 1.630 Thread 0x000000001c5d7000 Uncommon trap: reason=bimorphic action=maybe_recompile pc=0x0000000004c9006c method=java.util.HashMap.putVal(ILjava/lang/Object;Ljava/lang/Object;ZZ)Ljava/lang/Object; @ 253
Event: 1.630 Thread 0x000000001c5d7000 Uncommon trap: reason=bimorphic action=maybe_recompile pc=0x0000000004c9006c method=java.util.HashMap.putVal(ILjava/lang/Object;Ljava/lang/Object;ZZ)Ljava/lang/Object; @ 253
Event: 1.630 Thread 0x000000001c5d7000 Uncommon trap: reason=bimorphic action=maybe_recompile pc=0x0000000004c9006c method=java.util.HashMap.putVal(ILjava/lang/Object;Ljava/lang/Object;ZZ)Ljava/lang/Object; @ 253
Event: 1.770 Thread 0x000000001c5d7000 Uncommon trap: reason=class_check action=maybe_recompile pc=0x0000000004bf91c4 method=java.util.regex.Matcher.match(II)Z @ 86
Event: 1.770 Thread 0x000000001c5d7000 Uncommon trap: reason=class_check action=maybe_recompile pc=0x0000000004bf91c4 method=java.util.regex.Matcher.match(II)Z @ 86
Event: 1.807 Thread 0x000000001c5d7000 Uncommon trap: reason=class_check action=maybe_recompile pc=0x0000000004bc991c method=java.util.regex.Matcher.match(II)Z @ 86
Event: 1.852 Thread 0x000000001c5d7000 Uncommon trap: reason=unstable_if action=reinterpret pc=0x0000000004dbb7f4 method=java.lang.String.lastIndexOf([CII[CIII)I @ 66
Event: 2.107 Thread 0x000000001c5d7000 Uncommon trap: reason=unstable_if action=reinterpret pc=0x0000000004aaafc8 method=java.net.URI.match(CJJ)Z @ 19
Event: 2.107 Thread 0x000000001c5d7000 Uncommon trap: reason=unstable_if action=reinterpret pc=0x0000000004b91200 method=java.net.URI.match(CJJ)Z @ 19
Event: 2.158 Thread 0x000000001c5d7000 Uncommon trap: reason=unstable_if action=reinterpret pc=0x0000000004bf5c58 method=java.io.File.getName()Ljava/lang/String; @ 16

Classes redefined (0 events):
No events

Internal exceptions (10 events):
Event: 1.603 Thread 0x000000001c5bf000 Exception <a 'java/lang/NoSuchMethodError': <clinit>> (0x00000000e0479220) thrown at [D:\src\AOSP-openjdk-cygwin\jdk8u\hotspot\src\share\vm\prims\jni.cpp, line 1613]
Event: 1.604 Thread 0x000000001c5bf000 Exception <a 'java/lang/NoSuchMethodError': <clinit>> (0x00000000e0484ca0) thrown at [D:\src\AOSP-openjdk-cygwin\jdk8u\hotspot\src\share\vm\prims\jni.cpp, line 1613]
Event: 1.604 Thread 0x000000001c5bf000 Exception <a 'java/lang/NoSuchMethodError': <clinit>> (0x00000000e0490558) thrown at [D:\src\AOSP-openjdk-cygwin\jdk8u\hotspot\src\share\vm\prims\jni.cpp, line 1613]
Event: 1.607 Thread 0x000000001c5bf000 Exception <a 'java/lang/NoSuchMethodError': <clinit>> (0x00000000e04b4ee8) thrown at [D:\src\AOSP-openjdk-cygwin\jdk8u\hotspot\src\share\vm\prims\jni.cpp, line 1613]
Event: 1.623 Thread 0x000000001c5d7000 Exception <a 'java/lang/NoSuchMethodError': <clinit>> (0x00000000e05ced30) thrown at [D:\src\AOSP-openjdk-cygwin\jdk8u\hotspot\src\share\vm\prims\jni.cpp, line 1613]
Event: 1.624 Thread 0x000000001c5d7000 Exception <a 'java/lang/NoSuchMethodError': <clinit>> (0x00000000e05d7148) thrown at [D:\src\AOSP-openjdk-cygwin\jdk8u\hotspot\src\share\vm\prims\jni.cpp, line 1613]
Event: 2.174 Thread 0x000000001c5d7000 Exception <a 'java/lang/NoSuchMethodError': <clinit>> (0x00000000e1b48de8) thrown at [D:\src\AOSP-openjdk-cygwin\jdk8u\hotspot\src\share\vm\prims\jni.cpp, line 1613]
Event: 2.174 Thread 0x000000001c5d7000 Exception <a 'java/lang/NoSuchMethodError': <clinit>> (0x00000000e1b4b788) thrown at [D:\src\AOSP-openjdk-cygwin\jdk8u\hotspot\src\share\vm\prims\jni.cpp, line 1613]
Event: 2.175 Thread 0x000000001c5d7000 Exception <a 'java/lang/NoSuchMethodError': <clinit>> (0x00000000e1b58d78) thrown at [D:\src\AOSP-openjdk-cygwin\jdk8u\hotspot\src\share\vm\prims\jni.cpp, line 1613]
Event: 2.176 Thread 0x000000001c5d7000 Exception <a 'java/lang/NoSuchMethodError': <clinit>> (0x00000000e1b644f8) thrown at [D:\src\AOSP-openjdk-cygwin\jdk8u\hotspot\src\share\vm\prims\jni.cpp, line 1613]

Events (10 events):
Event: 2.238 loading class org/gradle/cache/internal/btree/BTreePersistentIndexedCache$DataBlock
Event: 2.238 loading class org/gradle/cache/internal/btree/BTreePersistentIndexedCache$DataBlock done
Event: 2.239 loading class org/gradle/cache/internal/btree/CorruptedCacheException
Event: 2.239 loading class org/gradle/cache/internal/btree/CorruptedCacheException done
Event: 2.239 loading class org/gradle/cache/internal/btree/BlockStore$Factory
Event: 2.239 loading class org/gradle/cache/internal/btree/BlockStore$Factory done
Event: 2.240 loading class org/gradle/cache/internal/btree/KeyHasher
Event: 2.240 loading class org/gradle/cache/internal/btree/KeyHasher done
Event: 2.240 loading class org/gradle/cache/internal/btree/KeyHasher$MessageDigestStream
Event: 2.240 loading class org/gradle/cache/internal/btree/KeyHasher$MessageDigestStream done


Dynamic libraries:
0x00007ff73c380000 - 0x00007ff73c3b1000 	D:\Install\android-studio 3.0\jre\bin\java.exe
0x00007ffbd7f40000 - 0x00007ffbd8120000 	C:\WINDOWS\SYSTEM32\ntdll.dll
0x00007ffbd5e60000 - 0x00007ffbd5f0e000 	C:\WINDOWS\System32\KERNEL32.DLL
0x00007ffbd46e0000 - 0x00007ffbd4946000 	C:\WINDOWS\System32\KERNELBASE.dll
0x00007ffbd6090000 - 0x00007ffbd6131000 	C:\WINDOWS\System32\ADVAPI32.dll
0x00007ffbd56c0000 - 0x00007ffbd575d000 	C:\WINDOWS\System32\msvcrt.dll
0x00007ffbd5660000 - 0x00007ffbd56bb000 	C:\WINDOWS\System32\sechost.dll
0x00007ffbd5f70000 - 0x00007ffbd608f000 	C:\WINDOWS\System32\RPCRT4.dll
0x00007ffbd54d0000 - 0x00007ffbd565f000 	C:\WINDOWS\System32\USER32.dll
0x00007ffbd4a50000 - 0x00007ffbd4a70000 	C:\WINDOWS\System32\win32u.dll
0x00007ffbd54a0000 - 0x00007ffbd54c8000 	C:\WINDOWS\System32\GDI32.dll
0x00007ffbd5270000 - 0x00007ffbd5403000 	C:\WINDOWS\System32\gdi32full.dll
0x00007ffbd49b0000 - 0x00007ffbd4a4b000 	C:\WINDOWS\System32\msvcp_win.dll
0x00007ffbd4340000 - 0x00007ffbd4436000 	C:\WINDOWS\System32\ucrtbase.dll
0x00007ffbc9dd0000 - 0x00007ffbca039000 	C:\WINDOWS\WinSxS\amd64_microsoft.windows.common-controls_6595b64144ccf1df_6.0.16299.371_none_15c7d1789365a290\COMCTL32.dll
0x00007ffbd5890000 - 0x00007ffbd5b98000 	C:\WINDOWS\System32\combase.dll
0x00007ffbd4440000 - 0x00007ffbd44b2000 	C:\WINDOWS\System32\bcryptPrimitives.dll
0x00007ffbd6140000 - 0x00007ffbd616d000 	C:\WINDOWS\System32\IMM32.DLL
0x00000000713d0000 - 0x00000000714a2000 	D:\Install\android-studio 3.0\jre\jre\bin\msvcr100.dll
0x0000000071590000 - 0x0000000071dce000 	D:\Install\android-studio 3.0\jre\jre\bin\server\jvm.dll
0x00007ffbd7bc0000 - 0x00007ffbd7bc8000 	C:\WINDOWS\System32\PSAPI.DLL
0x00007ffbd0540000 - 0x00007ffbd0563000 	C:\WINDOWS\SYSTEM32\WINMM.dll
0x00007ffbc0be0000 - 0x00007ffbc0be9000 	C:\WINDOWS\SYSTEM32\WSOCK32.dll
0x00007ffbce490000 - 0x00007ffbce49a000 	C:\WINDOWS\SYSTEM32\VERSION.dll
0x00007ffbd6170000 - 0x00007ffbd61dc000 	C:\WINDOWS\System32\WS2_32.dll
0x00007ffbd04e0000 - 0x00007ffbd050a000 	C:\WINDOWS\SYSTEM32\winmmbase.dll
0x00007ffbd4690000 - 0x00007ffbd46da000 	C:\WINDOWS\System32\cfgmgr32.dll
0x00007ffbc6b00000 - 0x00007ffbc6b0f000 	D:\Install\android-studio 3.0\jre\jre\bin\verify.dll
0x00007ffbc48e0000 - 0x00007ffbc4909000 	D:\Install\android-studio 3.0\jre\jre\bin\java.dll
0x00007ffbc0ae0000 - 0x00007ffbc0af6000 	D:\Install\android-studio 3.0\jre\jre\bin\zip.dll
0x00007ffbd61e0000 - 0x00007ffbd7616000 	C:\WINDOWS\System32\SHELL32.dll
0x00007ffbd7b10000 - 0x00007ffbd7bb6000 	C:\WINDOWS\System32\shcore.dll
0x00007ffbd4b20000 - 0x00007ffbd5267000 	C:\WINDOWS\System32\windows.storage.dll
0x00007ffbd5830000 - 0x00007ffbd5881000 	C:\WINDOWS\System32\shlwapi.dll
0x00007ffbd4300000 - 0x00007ffbd4311000 	C:\WINDOWS\System32\kernel.appcore.dll
0x00007ffbd4290000 - 0x00007ffbd42dc000 	C:\WINDOWS\System32\powrprof.dll
0x00007ffbd42e0000 - 0x00007ffbd42fb000 	C:\WINDOWS\System32\profapi.dll
0x00007ffbbf5e0000 - 0x00007ffbbf5fa000 	D:\Install\android-studio 3.0\jre\jre\bin\net.dll
0x00007ffbd3b20000 - 0x00007ffbd3b86000 	C:\WINDOWS\system32\mswsock.dll
0x00007ffbbe500000 - 0x00007ffbbe511000 	D:\Install\android-studio 3.0\jre\jre\bin\nio.dll
0x00007ffbbe870000 - 0x00007ffbbe88e000 	C:\Users\Viktor\.gradle\native\25\windows-amd64\native-platform.dll
0x00007ffbc69e0000 - 0x00007ffbc69ed000 	D:\Install\android-studio 3.0\jre\jre\bin\management.dll
0x00007ffbd3ce0000 - 0x00007ffbd3cf7000 	C:\WINDOWS\SYSTEM32\CRYPTSP.dll
0x00007ffbd3720000 - 0x00007ffbd3753000 	C:\WINDOWS\system32\rsaenh.dll
0x00007ffbd3df0000 - 0x00007ffbd3e15000 	C:\WINDOWS\SYSTEM32\bcrypt.dll
0x00007ffbd41c0000 - 0x00007ffbd41e9000 	C:\WINDOWS\SYSTEM32\USERENV.dll
0x00007ffbd3d00000 - 0x00007ffbd3d0b000 	C:\WINDOWS\SYSTEM32\CRYPTBASE.dll
0x00007ffbd38b0000 - 0x00007ffbd38e9000 	C:\WINDOWS\SYSTEM32\IPHLPAPI.DLL
0x00007ffbd5490000 - 0x00007ffbd5498000 	C:\WINDOWS\System32\NSI.dll
0x00007ffbcdd50000 - 0x00007ffbcdd66000 	C:\WINDOWS\SYSTEM32\dhcpcsvc6.DLL
0x00007ffbcf140000 - 0x00007ffbcf15a000 	C:\WINDOWS\SYSTEM32\dhcpcsvc.DLL

VM Arguments:
jvm_args: -Xmx1536m -Dfile.encoding=windows-1250 -Duser.country=HU -Duser.language=hu -Duser.variant 
java_command: org.gradle.launcher.daemon.bootstrap.GradleDaemon 4.6
java_class_path (initial): C:\Users\Viktor\.gradle\wrapper\dists\gradle-4.6-all\bcst21l2brirad8k2ben1letg\gradle-4.6\lib\gradle-launcher-4.6.jar
Launcher Type: SUN_STANDARD

Environment Variables:
JAVA_HOME=d:\Program Files (x86)\Java\jdk1.8.0_131\
PATH=D:\Python27\;D:\Python27\Scripts;C:\ProgramData\Oracle\Java\javapath;d:\Program Files\Abev 2006\krtitok;C:\Program Files (x86)\Intel\iCLS Client\;C:\Program Files\Intel\iCLS Client\;C:\Windows\system32;C:\Windows;C:\Windows\System32\Wbem;C:\Windows\System32\WindowsPowerShell\v1.0\;C:\Program Files\Intel\Intel(R) Management Engine Components\DAL;C:\Program Files\Intel\Intel(R) Management Engine Components\IPT;C:\Program Files (x86)\Intel\Intel(R) Management Engine Components\DAL;C:\Program Files (x86)\Intel\Intel(R) Management Engine Components\IPT;C:\Program Files\Intel\WiFi\bin\;C:\Program Files\Common Files\Intel\WirelessCommon\;C:\Program Files (x86)\NVIDIA Corporation\PhysX\Common;C:\WINDOWS\system32;C:\WINDOWS;C:\WINDOWS\System32\Wbem;C:\WINDOWS\System32\WindowsPowerShell\v1.0\;C:\Program Files (x86)\Skype\Phone\;C:\Program Files\Calibre2\;D:\Program Files\nodejs\;d:\Install\Android SDK\platform-tools;c:\Users\Viktor\AppData\Roaming\npm\;d:\Install\apache-maven-3.5.2\\bin;D:\Portable\PuTTY\;C:\Users\Viktor\AppData\Local\Microsoft\WindowsApps;D:\Program Files\Git\cmd;C:\Users\Viktor\AppData\Roaming\npm;C:\Users\Viktor\AppData\Local\atom\bin;D:\Install\atom\bin;%USERPROFILE%\AppData\Local\Microsoft\WindowsApps;
USERNAME=Viktor
OS=Windows_NT
PROCESSOR_IDENTIFIER=Intel64 Family 6 Model 60 Stepping 3, GenuineIntel



---------------  S Y S T E M  ---------------

OS: Windows 10.0 , 64 bit Build 16299 (10.0.16299.15)

CPU:total 8 (initial active 8) (4 cores per cpu, 2 threads per core) family 6 model 60 stepping 3, cmov, cx8, fxsr, mmx, sse, sse2, sse3, ssse3, sse4.1, sse4.2, popcnt, avx, avx2, aes, clmul, erms, lzcnt, ht, tsc, tscinvbit, bmi1, bmi2

Memory: 4k page, physical 8268732k(752736k free), swap 11183672k(5224k free)

vm_info: OpenJDK 64-Bit Server VM (25.152-b01) for windows-amd64 JRE (1.8.0_152-release-915-b01), built by "builder" with MS VC++ 10.0 (VS2010)

time: Mon Apr 16 21:46:49 2018
elapsed time: 2 seconds (0d 0h 0m 2s)

